2023-03-09 23:52:28,962 INFO    StreamThr :39664 [internal.py:wandb_internal():87] W&B internal server running at pid: 39664, started at: 2023-03-09 23:52:28.962408
2023-03-09 23:52:28,962 DEBUG   HandlerThread:39664 [handler.py:handle_request():144] handle_request: status
2023-03-09 23:52:28,994 INFO    WriterThread:39664 [datastore.py:open_for_write():85] open: C:\Users\Shivam Maurya\OneDrive\Desktop\IIT MADRAS\Deep Learning\assignment 1\CS6910-Deep_Learning_Assignment-1\wandb\run-20230309_235228-5qfy6l44\run-5qfy6l44.wandb
2023-03-09 23:52:28,994 DEBUG   SenderThread:39664 [sender.py:send():336] send: header
2023-03-09 23:52:29,025 DEBUG   SenderThread:39664 [sender.py:send():336] send: run
2023-03-09 23:52:34,065 DEBUG   HandlerThread:39664 [handler.py:handle_request():144] handle_request: keepalive
2023-03-09 23:52:39,099 DEBUG   HandlerThread:39664 [handler.py:handle_request():144] handle_request: keepalive
2023-03-09 23:52:44,140 DEBUG   HandlerThread:39664 [handler.py:handle_request():144] handle_request: keepalive
2023-03-09 23:52:49,178 DEBUG   HandlerThread:39664 [handler.py:handle_request():144] handle_request: keepalive
2023-03-09 23:52:54,206 DEBUG   HandlerThread:39664 [handler.py:handle_request():144] handle_request: keepalive
2023-03-09 23:52:59,254 DEBUG   HandlerThread:39664 [handler.py:handle_request():144] handle_request: keepalive
2023-03-09 23:53:04,041 INFO    SenderThread:39664 [retry.py:__call__():172] Retry attempt failed:
Traceback (most recent call last):
  File "C:\Anaconda\lib\site-packages\urllib3\connectionpool.py", line 449, in _make_request
    six.raise_from(e, None)
  File "<string>", line 3, in raise_from
  File "C:\Anaconda\lib\site-packages\urllib3\connectionpool.py", line 444, in _make_request
    httplib_response = conn.getresponse()
  File "C:\Anaconda\lib\http\client.py", line 1377, in getresponse
    response.begin()
  File "C:\Anaconda\lib\http\client.py", line 320, in begin
    version, status, reason = self._read_status()
  File "C:\Anaconda\lib\http\client.py", line 281, in _read_status
    line = str(self.fp.readline(_MAXLINE + 1), "iso-8859-1")
  File "C:\Anaconda\lib\socket.py", line 704, in readinto
    return self._sock.recv_into(b)
  File "C:\Anaconda\lib\ssl.py", line 1242, in recv_into
    return self.read(nbytes, buffer)
  File "C:\Anaconda\lib\ssl.py", line 1100, in read
    return self._sslobj.read(len, buffer)
socket.timeout: The read operation timed out

During handling of the above exception, another exception occurred:

Traceback (most recent call last):
  File "C:\Anaconda\lib\site-packages\requests\adapters.py", line 489, in send
    resp = conn.urlopen(
  File "C:\Anaconda\lib\site-packages\urllib3\connectionpool.py", line 787, in urlopen
    retries = retries.increment(
  File "C:\Anaconda\lib\site-packages\urllib3\util\retry.py", line 550, in increment
    raise six.reraise(type(error), error, _stacktrace)
  File "C:\Anaconda\lib\site-packages\urllib3\packages\six.py", line 770, in reraise
    raise value
  File "C:\Anaconda\lib\site-packages\urllib3\connectionpool.py", line 703, in urlopen
    httplib_response = self._make_request(
  File "C:\Anaconda\lib\site-packages\urllib3\connectionpool.py", line 451, in _make_request
    self._raise_timeout(err=e, url=url, timeout_value=read_timeout)
  File "C:\Anaconda\lib\site-packages\urllib3\connectionpool.py", line 340, in _raise_timeout
    raise ReadTimeoutError(
urllib3.exceptions.ReadTimeoutError: HTTPSConnectionPool(host='api.wandb.ai', port=443): Read timed out. (read timeout=10)

During handling of the above exception, another exception occurred:

Traceback (most recent call last):
  File "C:\Anaconda\lib\site-packages\wandb\sdk\lib\retry.py", line 131, in __call__
    result = self._call_fn(*args, **kwargs)
  File "C:\Anaconda\lib\site-packages\wandb\sdk\internal\internal_api.py", line 242, in execute
    return self.client.execute(*args, **kwargs)  # type: ignore
  File "C:\Anaconda\lib\site-packages\wandb\vendor\gql-0.2.0\wandb_gql\client.py", line 52, in execute
    result = self._get_result(document, *args, **kwargs)
  File "C:\Anaconda\lib\site-packages\wandb\vendor\gql-0.2.0\wandb_gql\client.py", line 60, in _get_result
    return self.transport.execute(document, *args, **kwargs)
  File "C:\Anaconda\lib\site-packages\wandb\vendor\gql-0.2.0\wandb_gql\transport\requests.py", line 38, in execute
    request = requests.post(self.url, **post_args)
  File "C:\Anaconda\lib\site-packages\requests\api.py", line 115, in post
    return request("post", url, data=data, json=json, **kwargs)
  File "C:\Anaconda\lib\site-packages\requests\api.py", line 59, in request
    return session.request(method=method, url=url, **kwargs)
  File "C:\Anaconda\lib\site-packages\requests\sessions.py", line 587, in request
    resp = self.send(prep, **send_kwargs)
  File "C:\Anaconda\lib\site-packages\requests\sessions.py", line 701, in send
    r = adapter.send(request, **kwargs)
  File "C:\Anaconda\lib\site-packages\requests\adapters.py", line 578, in send
    raise ReadTimeout(e, request=request)
requests.exceptions.ReadTimeout: HTTPSConnectionPool(host='api.wandb.ai', port=443): Read timed out. (read timeout=10)
2023-03-09 23:53:04,294 DEBUG   HandlerThread:39664 [handler.py:handle_request():144] handle_request: keepalive
2023-03-09 23:53:09,332 DEBUG   HandlerThread:39664 [handler.py:handle_request():144] handle_request: keepalive
2023-03-09 23:53:14,375 DEBUG   HandlerThread:39664 [handler.py:handle_request():144] handle_request: keepalive
2023-03-09 23:53:17,510 DEBUG   HandlerThread:39664 [handler.py:handle_request():144] handle_request: check_version
2023-03-09 23:53:17,526 INFO    SenderThread:39664 [dir_watcher.py:__init__():216] watching files in: C:\Users\Shivam Maurya\OneDrive\Desktop\IIT MADRAS\Deep Learning\assignment 1\CS6910-Deep_Learning_Assignment-1\wandb\run-20230309_235228-5qfy6l44\files
2023-03-09 23:53:17,526 INFO    SenderThread:39664 [sender.py:_start_run_threads():1067] run started: 5qfy6l44 with start time 1678386148.962407
2023-03-09 23:53:17,526 DEBUG   SenderThread:39664 [sender.py:send_request():363] send_request: summary_record
2023-03-09 23:53:17,526 DEBUG   HandlerThread:39664 [handler.py:handle_request():144] handle_request: status_report
2023-03-09 23:53:17,526 INFO    SenderThread:39664 [sender.py:_save_file():1321] saving file wandb-summary.json with policy end
2023-03-09 23:53:17,526 DEBUG   SenderThread:39664 [sender.py:send_request():363] send_request: check_version
2023-03-09 23:53:18,282 DEBUG   HandlerThread:39664 [handler.py:handle_request():144] handle_request: run_start
2023-03-09 23:53:18,298 DEBUG   HandlerThread:39664 [system_info.py:__init__():31] System info init
2023-03-09 23:53:18,298 DEBUG   HandlerThread:39664 [system_info.py:__init__():46] System info init done
2023-03-09 23:53:18,298 INFO    HandlerThread:39664 [system_monitor.py:start():151] Starting system monitor
2023-03-09 23:53:18,298 INFO    SystemMonitor:39664 [system_monitor.py:_start():116] Starting system asset monitoring threads
2023-03-09 23:53:18,298 INFO    HandlerThread:39664 [system_monitor.py:probe():172] Collecting system info
2023-03-09 23:53:18,298 DEBUG   HandlerThread:39664 [system_info.py:probe():195] Probing system
2023-03-09 23:53:18,298 INFO    SystemMonitor:39664 [interfaces.py:start():168] Started cpu
2023-03-09 23:53:18,298 INFO    SystemMonitor:39664 [interfaces.py:start():168] Started disk
2023-03-09 23:53:18,298 INFO    SystemMonitor:39664 [interfaces.py:start():168] Started memory
2023-03-09 23:53:18,313 INFO    SystemMonitor:39664 [interfaces.py:start():168] Started network
2023-03-09 23:53:18,329 DEBUG   HandlerThread:39664 [system_info.py:_probe_git():180] Probing git
2023-03-09 23:53:18,377 DEBUG   HandlerThread:39664 [system_info.py:_probe_git():188] Probing git done
2023-03-09 23:53:18,377 DEBUG   HandlerThread:39664 [system_info.py:probe():241] Probing system done
2023-03-09 23:53:18,377 DEBUG   HandlerThread:39664 [system_monitor.py:probe():181] {'os': 'Windows-10-10.0.22621-SP0', 'python': '3.9.13', 'heartbeatAt': '2023-03-09T18:23:18.298072', 'startedAt': '2023-03-09T18:22:28.928643', 'docker': None, 'cuda': None, 'args': None, 'state': 'running', 'program': '<python with no main file>', 'git': {'remote': 'https://github.com/maurya050/CS6910-Deep_Learning_Assignment-1.git', 'commit': 'a74bc764de0ed08262585ca273a531625e253c10'}, 'email': 'mauryashivam050@gmail.com', 'root': 'C:/Users/Shivam Maurya/OneDrive/Desktop/IIT MADRAS/Deep Learning/assignment 1/CS6910-Deep_Learning_Assignment-1', 'host': 'LAPTOP-DEGE94G6', 'username': 'Shivam Maurya', 'executable': 'C:\\Anaconda\\python.exe', 'cpu_count': 4, 'cpu_count_logical': 8, 'cpu_freq': {'current': 2918.0, 'min': 0.0, 'max': 2918.0}, 'cpu_freq_per_core': [{'current': 2918.0, 'min': 0.0, 'max': 2918.0}], 'disk': {'total': 833.1318321228027, 'used': 291.8390655517578}, 'memory': {'total': 15.755851745605469}}
2023-03-09 23:53:18,377 INFO    HandlerThread:39664 [system_monitor.py:probe():182] Finished collecting system info
2023-03-09 23:53:18,377 INFO    HandlerThread:39664 [system_monitor.py:probe():185] Publishing system info
2023-03-09 23:53:18,377 DEBUG   HandlerThread:39664 [system_info.py:_save_pip():51] Saving list of pip packages installed into the current environment
2023-03-09 23:53:18,390 DEBUG   HandlerThread:39664 [system_info.py:_save_pip():67] Saving pip packages done
2023-03-09 23:53:18,390 DEBUG   HandlerThread:39664 [system_info.py:_save_conda():74] Saving list of conda packages installed into the current environment
2023-03-09 23:53:18,534 INFO    Thread-17 :39664 [dir_watcher.py:_on_file_created():275] file/dir created: C:\Users\Shivam Maurya\OneDrive\Desktop\IIT MADRAS\Deep Learning\assignment 1\CS6910-Deep_Learning_Assignment-1\wandb\run-20230309_235228-5qfy6l44\files\requirements.txt
2023-03-09 23:53:18,534 INFO    Thread-17 :39664 [dir_watcher.py:_on_file_created():275] file/dir created: C:\Users\Shivam Maurya\OneDrive\Desktop\IIT MADRAS\Deep Learning\assignment 1\CS6910-Deep_Learning_Assignment-1\wandb\run-20230309_235228-5qfy6l44\files\conda-environment.yaml
2023-03-09 23:53:18,534 INFO    Thread-17 :39664 [dir_watcher.py:_on_file_created():275] file/dir created: C:\Users\Shivam Maurya\OneDrive\Desktop\IIT MADRAS\Deep Learning\assignment 1\CS6910-Deep_Learning_Assignment-1\wandb\run-20230309_235228-5qfy6l44\files\wandb-summary.json
2023-03-09 23:53:26,891 DEBUG   HandlerThread:39664 [system_info.py:_save_conda():86] Saving conda packages done
2023-03-09 23:53:26,891 INFO    HandlerThread:39664 [system_monitor.py:probe():187] Finished publishing system info
2023-03-09 23:53:26,918 DEBUG   HandlerThread:39664 [handler.py:handle_request():144] handle_request: status_report
2023-03-09 23:53:26,918 DEBUG   HandlerThread:39664 [handler.py:handle_request():144] handle_request: keepalive
2023-03-09 23:53:26,918 DEBUG   SenderThread:39664 [sender.py:send():336] send: files
2023-03-09 23:53:26,918 INFO    SenderThread:39664 [sender.py:_save_file():1321] saving file wandb-metadata.json with policy now
2023-03-09 23:53:26,935 DEBUG   HandlerThread:39664 [handler.py:handle_request():144] handle_request: stop_status
2023-03-09 23:53:26,935 DEBUG   SenderThread:39664 [sender.py:send_request():363] send_request: stop_status
2023-03-09 23:53:27,243 DEBUG   SenderThread:39664 [sender.py:send():336] send: telemetry
2023-03-09 23:53:27,243 DEBUG   SenderThread:39664 [sender.py:send():336] send: telemetry
2023-03-09 23:53:27,243 DEBUG   SenderThread:39664 [sender.py:send():336] send: run
2023-03-09 23:53:27,602 INFO    SenderThread:39664 [sender.py:send_run():944] updated run: 5qfy6l44
2023-03-09 23:53:27,602 INFO    Thread-17 :39664 [dir_watcher.py:_on_file_modified():292] file/dir modified: C:\Users\Shivam Maurya\OneDrive\Desktop\IIT MADRAS\Deep Learning\assignment 1\CS6910-Deep_Learning_Assignment-1\wandb\run-20230309_235228-5qfy6l44\files\conda-environment.yaml
2023-03-09 23:53:27,602 INFO    Thread-17 :39664 [dir_watcher.py:_on_file_modified():292] file/dir modified: C:\Users\Shivam Maurya\OneDrive\Desktop\IIT MADRAS\Deep Learning\assignment 1\CS6910-Deep_Learning_Assignment-1\wandb\run-20230309_235228-5qfy6l44\files\config.yaml
2023-03-09 23:53:27,602 INFO    Thread-17 :39664 [dir_watcher.py:_on_file_created():275] file/dir created: C:\Users\Shivam Maurya\OneDrive\Desktop\IIT MADRAS\Deep Learning\assignment 1\CS6910-Deep_Learning_Assignment-1\wandb\run-20230309_235228-5qfy6l44\files\wandb-metadata.json
2023-03-09 23:53:27,950 INFO    wandb-upload_0:39664 [upload_job.py:push():138] Uploaded file C:\Users\SHIVAM~1\AppData\Local\Temp\tmp392cmsphwandb\aql2qc30-wandb-metadata.json
2023-03-09 23:53:28,614 DEBUG   HandlerThread:39664 [handler.py:handle_request():144] handle_request: status_report
2023-03-09 23:53:28,615 INFO    Thread-17 :39664 [dir_watcher.py:_on_file_created():275] file/dir created: C:\Users\Shivam Maurya\OneDrive\Desktop\IIT MADRAS\Deep Learning\assignment 1\CS6910-Deep_Learning_Assignment-1\wandb\run-20230309_235228-5qfy6l44\files\output.log
2023-03-09 23:53:29,625 INFO    Thread-17 :39664 [dir_watcher.py:_on_file_modified():292] file/dir modified: C:\Users\Shivam Maurya\OneDrive\Desktop\IIT MADRAS\Deep Learning\assignment 1\CS6910-Deep_Learning_Assignment-1\wandb\run-20230309_235228-5qfy6l44\files\output.log
2023-03-09 23:53:33,673 DEBUG   HandlerThread:39664 [handler.py:handle_request():144] handle_request: status_report
2023-03-09 23:53:38,734 DEBUG   HandlerThread:39664 [handler.py:handle_request():144] handle_request: status_report
2023-03-09 23:53:39,051 DEBUG   HandlerThread:39664 [handler.py:handle_request():144] handle_request: partial_history
2023-03-09 23:53:39,052 DEBUG   SenderThread:39664 [sender.py:send():336] send: history
2023-03-09 23:53:39,052 DEBUG   SenderThread:39664 [sender.py:send_request():363] send_request: summary_record
2023-03-09 23:53:39,052 INFO    SenderThread:39664 [sender.py:_save_file():1321] saving file wandb-summary.json with policy end
2023-03-09 23:53:39,735 INFO    Thread-17 :39664 [dir_watcher.py:_on_file_modified():292] file/dir modified: C:\Users\Shivam Maurya\OneDrive\Desktop\IIT MADRAS\Deep Learning\assignment 1\CS6910-Deep_Learning_Assignment-1\wandb\run-20230309_235228-5qfy6l44\files\wandb-summary.json
2023-03-09 23:53:41,954 DEBUG   HandlerThread:39664 [handler.py:handle_request():144] handle_request: keepalive
2023-03-09 23:53:41,954 DEBUG   HandlerThread:39664 [handler.py:handle_request():144] handle_request: keepalive
2023-03-09 23:53:44,108 DEBUG   HandlerThread:39664 [handler.py:handle_request():144] handle_request: status_report
2023-03-09 23:53:47,020 DEBUG   HandlerThread:39664 [handler.py:handle_request():144] handle_request: keepalive
2023-03-09 23:53:49,172 DEBUG   HandlerThread:39664 [handler.py:handle_request():144] handle_request: status_report
2023-03-09 23:53:49,855 INFO    Thread-17 :39664 [dir_watcher.py:_on_file_modified():292] file/dir modified: C:\Users\Shivam Maurya\OneDrive\Desktop\IIT MADRAS\Deep Learning\assignment 1\CS6910-Deep_Learning_Assignment-1\wandb\run-20230309_235228-5qfy6l44\files\config.yaml
2023-03-09 23:53:51,058 DEBUG   HandlerThread:39664 [handler.py:handle_request():144] handle_request: partial_history
2023-03-09 23:53:51,058 DEBUG   SenderThread:39664 [sender.py:send():336] send: history
2023-03-09 23:53:51,058 DEBUG   SenderThread:39664 [sender.py:send_request():363] send_request: summary_record
2023-03-09 23:53:51,058 INFO    SenderThread:39664 [sender.py:_save_file():1321] saving file wandb-summary.json with policy end
2023-03-09 23:53:51,879 INFO    Thread-17 :39664 [dir_watcher.py:_on_file_modified():292] file/dir modified: C:\Users\Shivam Maurya\OneDrive\Desktop\IIT MADRAS\Deep Learning\assignment 1\CS6910-Deep_Learning_Assignment-1\wandb\run-20230309_235228-5qfy6l44\files\wandb-summary.json
2023-03-09 23:53:52,084 DEBUG   HandlerThread:39664 [handler.py:handle_request():144] handle_request: keepalive
2023-03-09 23:53:55,118 DEBUG   HandlerThread:39664 [handler.py:handle_request():144] handle_request: status_report
2023-03-09 23:53:57,131 DEBUG   HandlerThread:39664 [handler.py:handle_request():144] handle_request: keepalive
2023-03-09 23:54:00,141 DEBUG   HandlerThread:39664 [handler.py:handle_request():144] handle_request: status_report
2023-03-09 23:54:02,158 DEBUG   HandlerThread:39664 [handler.py:handle_request():144] handle_request: keepalive
2023-03-09 23:54:03,262 DEBUG   HandlerThread:39664 [handler.py:handle_request():144] handle_request: partial_history
2023-03-09 23:54:03,263 DEBUG   SenderThread:39664 [sender.py:send():336] send: history
2023-03-09 23:54:03,263 DEBUG   SenderThread:39664 [sender.py:send_request():363] send_request: summary_record
2023-03-09 23:54:03,263 INFO    SenderThread:39664 [sender.py:_save_file():1321] saving file wandb-summary.json with policy end
2023-03-09 23:54:03,990 INFO    Thread-17 :39664 [dir_watcher.py:_on_file_modified():292] file/dir modified: C:\Users\Shivam Maurya\OneDrive\Desktop\IIT MADRAS\Deep Learning\assignment 1\CS6910-Deep_Learning_Assignment-1\wandb\run-20230309_235228-5qfy6l44\files\wandb-summary.json
2023-03-09 23:54:05,277 DEBUG   HandlerThread:39664 [handler.py:handle_request():144] handle_request: status_report
2023-03-09 23:54:07,213 DEBUG   HandlerThread:39664 [handler.py:handle_request():144] handle_request: keepalive
2023-03-09 23:54:10,335 DEBUG   HandlerThread:39664 [handler.py:handle_request():144] handle_request: status_report
2023-03-09 23:54:12,271 DEBUG   HandlerThread:39664 [handler.py:handle_request():144] handle_request: keepalive
2023-03-09 23:54:14,771 DEBUG   HandlerThread:39664 [handler.py:handle_request():144] handle_request: partial_history
2023-03-09 23:54:14,771 DEBUG   SenderThread:39664 [sender.py:send():336] send: history
2023-03-09 23:54:14,771 DEBUG   SenderThread:39664 [sender.py:send_request():363] send_request: summary_record
2023-03-09 23:54:14,786 INFO    SenderThread:39664 [sender.py:_save_file():1321] saving file wandb-summary.json with policy end
2023-03-09 23:54:15,119 INFO    Thread-17 :39664 [dir_watcher.py:_on_file_modified():292] file/dir modified: C:\Users\Shivam Maurya\OneDrive\Desktop\IIT MADRAS\Deep Learning\assignment 1\CS6910-Deep_Learning_Assignment-1\wandb\run-20230309_235228-5qfy6l44\files\wandb-summary.json
2023-03-09 23:54:15,787 DEBUG   HandlerThread:39664 [handler.py:handle_request():144] handle_request: status_report
2023-03-09 23:54:17,336 DEBUG   HandlerThread:39664 [handler.py:handle_request():144] handle_request: keepalive
2023-03-09 23:54:18,333 DEBUG   SystemMonitor:39664 [system_monitor.py:_start():130] Starting system metrics aggregation loop
2023-03-09 23:54:18,333 DEBUG   SenderThread:39664 [sender.py:send():336] send: stats
2023-03-09 23:54:21,372 DEBUG   HandlerThread:39664 [handler.py:handle_request():144] handle_request: status_report
2023-03-09 23:54:22,399 DEBUG   HandlerThread:39664 [handler.py:handle_request():144] handle_request: keepalive
2023-03-09 23:54:26,432 DEBUG   HandlerThread:39664 [handler.py:handle_request():144] handle_request: status_report
2023-03-09 23:54:27,331 DEBUG   HandlerThread:39664 [handler.py:handle_request():144] handle_request: partial_history
2023-03-09 23:54:27,331 DEBUG   SenderThread:39664 [sender.py:send():336] send: history
2023-03-09 23:54:27,331 DEBUG   SenderThread:39664 [sender.py:send_request():363] send_request: summary_record
2023-03-09 23:54:27,331 INFO    SenderThread:39664 [sender.py:_save_file():1321] saving file wandb-summary.json with policy end
2023-03-09 23:54:27,457 DEBUG   HandlerThread:39664 [handler.py:handle_request():144] handle_request: keepalive
2023-03-09 23:54:28,269 INFO    Thread-17 :39664 [dir_watcher.py:_on_file_modified():292] file/dir modified: C:\Users\Shivam Maurya\OneDrive\Desktop\IIT MADRAS\Deep Learning\assignment 1\CS6910-Deep_Learning_Assignment-1\wandb\run-20230309_235228-5qfy6l44\files\wandb-summary.json
2023-03-09 23:54:32,369 DEBUG   HandlerThread:39664 [handler.py:handle_request():144] handle_request: status_report
2023-03-09 23:54:32,480 DEBUG   HandlerThread:39664 [handler.py:handle_request():144] handle_request: keepalive
2023-03-09 23:54:37,422 DEBUG   HandlerThread:39664 [handler.py:handle_request():144] handle_request: status_report
2023-03-09 23:54:37,532 DEBUG   HandlerThread:39664 [handler.py:handle_request():144] handle_request: keepalive
2023-03-09 23:54:39,783 DEBUG   HandlerThread:39664 [handler.py:handle_request():144] handle_request: partial_history
2023-03-09 23:54:39,783 DEBUG   SenderThread:39664 [sender.py:send():336] send: history
2023-03-09 23:54:39,794 DEBUG   SenderThread:39664 [sender.py:send_request():363] send_request: summary_record
2023-03-09 23:54:39,795 INFO    SenderThread:39664 [sender.py:_save_file():1321] saving file wandb-summary.json with policy end
2023-03-09 23:54:40,381 INFO    Thread-17 :39664 [dir_watcher.py:_on_file_modified():292] file/dir modified: C:\Users\Shivam Maurya\OneDrive\Desktop\IIT MADRAS\Deep Learning\assignment 1\CS6910-Deep_Learning_Assignment-1\wandb\run-20230309_235228-5qfy6l44\files\wandb-summary.json
2023-03-09 23:54:42,611 DEBUG   HandlerThread:39664 [handler.py:handle_request():144] handle_request: keepalive
2023-03-09 23:54:42,833 DEBUG   HandlerThread:39664 [handler.py:handle_request():144] handle_request: status_report
2023-03-09 23:54:47,667 DEBUG   HandlerThread:39664 [handler.py:handle_request():144] handle_request: keepalive
2023-03-09 23:54:47,889 DEBUG   HandlerThread:39664 [handler.py:handle_request():144] handle_request: status_report
2023-03-09 23:54:48,347 DEBUG   SenderThread:39664 [sender.py:send():336] send: stats
2023-03-09 23:54:52,755 DEBUG   HandlerThread:39664 [handler.py:handle_request():144] handle_request: keepalive
2023-03-09 23:54:52,994 DEBUG   HandlerThread:39664 [handler.py:handle_request():144] handle_request: partial_history
2023-03-09 23:54:53,001 DEBUG   SenderThread:39664 [sender.py:send():336] send: history
2023-03-09 23:54:53,001 DEBUG   SenderThread:39664 [sender.py:send_request():363] send_request: summary_record
2023-03-09 23:54:53,001 DEBUG   HandlerThread:39664 [handler.py:handle_request():144] handle_request: status_report
2023-03-09 23:54:53,001 INFO    SenderThread:39664 [sender.py:_save_file():1321] saving file wandb-summary.json with policy end
2023-03-09 23:54:53,531 INFO    Thread-17 :39664 [dir_watcher.py:_on_file_modified():292] file/dir modified: C:\Users\Shivam Maurya\OneDrive\Desktop\IIT MADRAS\Deep Learning\assignment 1\CS6910-Deep_Learning_Assignment-1\wandb\run-20230309_235228-5qfy6l44\files\wandb-summary.json
2023-03-09 23:54:57,837 DEBUG   HandlerThread:39664 [handler.py:handle_request():144] handle_request: keepalive
2023-03-09 23:54:58,060 DEBUG   HandlerThread:39664 [handler.py:handle_request():144] handle_request: status_report
2023-03-09 23:55:02,884 DEBUG   HandlerThread:39664 [handler.py:handle_request():144] handle_request: keepalive
2023-03-09 23:55:03,106 DEBUG   HandlerThread:39664 [handler.py:handle_request():144] handle_request: status_report
2023-03-09 23:55:06,315 DEBUG   HandlerThread:39664 [handler.py:handle_request():144] handle_request: partial_history
2023-03-09 23:55:06,315 DEBUG   SenderThread:39664 [sender.py:send():336] send: history
2023-03-09 23:55:06,315 DEBUG   SenderThread:39664 [sender.py:send_request():363] send_request: summary_record
2023-03-09 23:55:06,315 INFO    SenderThread:39664 [sender.py:_save_file():1321] saving file wandb-summary.json with policy end
2023-03-09 23:55:06,664 INFO    Thread-17 :39664 [dir_watcher.py:_on_file_modified():292] file/dir modified: C:\Users\Shivam Maurya\OneDrive\Desktop\IIT MADRAS\Deep Learning\assignment 1\CS6910-Deep_Learning_Assignment-1\wandb\run-20230309_235228-5qfy6l44\files\wandb-summary.json
2023-03-09 23:55:07,961 DEBUG   HandlerThread:39664 [handler.py:handle_request():144] handle_request: keepalive
2023-03-09 23:55:08,343 DEBUG   HandlerThread:39664 [handler.py:handle_request():144] handle_request: status_report
2023-03-09 23:55:13,026 DEBUG   HandlerThread:39664 [handler.py:handle_request():144] handle_request: keepalive
2023-03-09 23:55:13,406 DEBUG   HandlerThread:39664 [handler.py:handle_request():144] handle_request: status_report
2023-03-09 23:55:18,086 DEBUG   HandlerThread:39664 [handler.py:handle_request():144] handle_request: keepalive
2023-03-09 23:55:18,356 DEBUG   SenderThread:39664 [sender.py:send():336] send: stats
2023-03-09 23:55:18,957 DEBUG   HandlerThread:39664 [handler.py:handle_request():144] handle_request: partial_history
2023-03-09 23:55:18,958 DEBUG   SenderThread:39664 [sender.py:send():336] send: history
2023-03-09 23:55:18,958 DEBUG   SenderThread:39664 [sender.py:send_request():363] send_request: summary_record
2023-03-09 23:55:18,958 DEBUG   HandlerThread:39664 [handler.py:handle_request():144] handle_request: status_report
2023-03-09 23:55:18,958 INFO    SenderThread:39664 [sender.py:_save_file():1321] saving file wandb-summary.json with policy end
2023-03-09 23:55:19,828 INFO    Thread-17 :39664 [dir_watcher.py:_on_file_modified():292] file/dir modified: C:\Users\Shivam Maurya\OneDrive\Desktop\IIT MADRAS\Deep Learning\assignment 1\CS6910-Deep_Learning_Assignment-1\wandb\run-20230309_235228-5qfy6l44\files\wandb-summary.json
2023-03-09 23:55:23,147 DEBUG   HandlerThread:39664 [handler.py:handle_request():144] handle_request: keepalive
2023-03-09 23:55:24,003 DEBUG   HandlerThread:39664 [handler.py:handle_request():144] handle_request: status_report
2023-03-09 23:55:28,216 DEBUG   HandlerThread:39664 [handler.py:handle_request():144] handle_request: keepalive
2023-03-09 23:55:29,069 DEBUG   HandlerThread:39664 [handler.py:handle_request():144] handle_request: status_report
2023-03-09 23:55:31,155 DEBUG   HandlerThread:39664 [handler.py:handle_request():144] handle_request: partial_history
2023-03-09 23:55:31,155 DEBUG   SenderThread:39664 [sender.py:send():336] send: history
2023-03-09 23:55:31,155 DEBUG   SenderThread:39664 [sender.py:send_request():363] send_request: summary_record
2023-03-09 23:55:31,155 DEBUG   HandlerThread:39664 [handler.py:handle_request():144] handle_request: partial_history
2023-03-09 23:55:31,155 INFO    SenderThread:39664 [sender.py:_save_file():1321] saving file wandb-summary.json with policy end
2023-03-09 23:55:31,155 DEBUG   SenderThread:39664 [sender.py:send():336] send: history
2023-03-09 23:55:31,155 DEBUG   SenderThread:39664 [sender.py:send_request():363] send_request: summary_record
2023-03-09 23:55:31,165 INFO    SenderThread:39664 [sender.py:_save_file():1321] saving file wandb-summary.json with policy end
2023-03-09 23:55:31,165 DEBUG   SenderThread:39664 [sender.py:send():336] send: telemetry
2023-03-09 23:55:31,165 DEBUG   SenderThread:39664 [sender.py:send():336] send: exit
2023-03-09 23:55:31,165 INFO    SenderThread:39664 [sender.py:send_exit():559] handling exit code: 0
2023-03-09 23:55:31,165 INFO    SenderThread:39664 [sender.py:send_exit():561] handling runtime: 132
2023-03-09 23:55:31,165 INFO    SenderThread:39664 [sender.py:_save_file():1321] saving file wandb-summary.json with policy end
2023-03-09 23:55:31,165 INFO    SenderThread:39664 [sender.py:send_exit():567] send defer
2023-03-09 23:55:31,165 DEBUG   HandlerThread:39664 [handler.py:handle_request():144] handle_request: defer
2023-03-09 23:55:31,165 INFO    HandlerThread:39664 [handler.py:handle_request_defer():170] handle defer: 0
2023-03-09 23:55:31,165 DEBUG   SenderThread:39664 [sender.py:send_request():363] send_request: defer
2023-03-09 23:55:31,165 INFO    SenderThread:39664 [sender.py:send_request_defer():583] handle sender defer: 0
2023-03-09 23:55:31,165 INFO    SenderThread:39664 [sender.py:transition_state():587] send defer: 1
2023-03-09 23:55:31,165 DEBUG   HandlerThread:39664 [handler.py:handle_request():144] handle_request: defer
2023-03-09 23:55:31,165 INFO    HandlerThread:39664 [handler.py:handle_request_defer():170] handle defer: 1
2023-03-09 23:55:31,165 DEBUG   SenderThread:39664 [sender.py:send_request():363] send_request: defer
2023-03-09 23:55:31,165 INFO    SenderThread:39664 [sender.py:send_request_defer():583] handle sender defer: 1
2023-03-09 23:55:31,165 INFO    SenderThread:39664 [sender.py:transition_state():587] send defer: 2
2023-03-09 23:55:31,165 DEBUG   HandlerThread:39664 [handler.py:handle_request():144] handle_request: defer
2023-03-09 23:55:31,165 INFO    HandlerThread:39664 [handler.py:handle_request_defer():170] handle defer: 2
2023-03-09 23:55:31,165 INFO    HandlerThread:39664 [system_monitor.py:finish():161] Stopping system monitor
2023-03-09 23:55:31,169 DEBUG   SystemMonitor:39664 [system_monitor.py:_start():137] Finished system metrics aggregation loop
2023-03-09 23:55:31,169 INFO    HandlerThread:39664 [interfaces.py:finish():175] Joined cpu
2023-03-09 23:55:31,169 DEBUG   SystemMonitor:39664 [system_monitor.py:_start():141] Publishing last batch of metrics
2023-03-09 23:55:31,170 INFO    HandlerThread:39664 [interfaces.py:finish():175] Joined disk
2023-03-09 23:55:31,170 INFO    HandlerThread:39664 [interfaces.py:finish():175] Joined memory
2023-03-09 23:55:31,170 INFO    HandlerThread:39664 [interfaces.py:finish():175] Joined network
2023-03-09 23:55:31,170 DEBUG   SenderThread:39664 [sender.py:send_request():363] send_request: defer
2023-03-09 23:55:31,170 INFO    SenderThread:39664 [sender.py:send_request_defer():583] handle sender defer: 2
2023-03-09 23:55:31,170 INFO    SenderThread:39664 [sender.py:transition_state():587] send defer: 3
2023-03-09 23:55:31,170 DEBUG   SenderThread:39664 [sender.py:send():336] send: stats
2023-03-09 23:55:31,170 DEBUG   HandlerThread:39664 [handler.py:handle_request():144] handle_request: defer
2023-03-09 23:55:31,171 INFO    HandlerThread:39664 [handler.py:handle_request_defer():170] handle defer: 3
2023-03-09 23:55:31,171 DEBUG   SenderThread:39664 [sender.py:send_request():363] send_request: defer
2023-03-09 23:55:31,171 INFO    SenderThread:39664 [sender.py:send_request_defer():583] handle sender defer: 3
2023-03-09 23:55:31,171 INFO    SenderThread:39664 [sender.py:transition_state():587] send defer: 4
2023-03-09 23:55:31,171 DEBUG   HandlerThread:39664 [handler.py:handle_request():144] handle_request: defer
2023-03-09 23:55:31,171 INFO    HandlerThread:39664 [handler.py:handle_request_defer():170] handle defer: 4
2023-03-09 23:55:31,171 DEBUG   SenderThread:39664 [sender.py:send_request():363] send_request: defer
2023-03-09 23:55:31,171 INFO    SenderThread:39664 [sender.py:send_request_defer():583] handle sender defer: 4
2023-03-09 23:55:31,171 INFO    SenderThread:39664 [sender.py:transition_state():587] send defer: 5
2023-03-09 23:55:31,171 DEBUG   HandlerThread:39664 [handler.py:handle_request():144] handle_request: defer
2023-03-09 23:55:31,171 INFO    HandlerThread:39664 [handler.py:handle_request_defer():170] handle defer: 5
2023-03-09 23:55:31,171 DEBUG   SenderThread:39664 [sender.py:send():336] send: summary
2023-03-09 23:55:31,171 INFO    SenderThread:39664 [sender.py:_save_file():1321] saving file wandb-summary.json with policy end
2023-03-09 23:55:31,171 DEBUG   SenderThread:39664 [sender.py:send_request():363] send_request: defer
2023-03-09 23:55:31,171 INFO    SenderThread:39664 [sender.py:send_request_defer():583] handle sender defer: 5
2023-03-09 23:55:31,171 INFO    SenderThread:39664 [sender.py:transition_state():587] send defer: 6
2023-03-09 23:55:31,174 DEBUG   HandlerThread:39664 [handler.py:handle_request():144] handle_request: defer
2023-03-09 23:55:31,174 INFO    HandlerThread:39664 [handler.py:handle_request_defer():170] handle defer: 6
2023-03-09 23:55:31,174 DEBUG   SenderThread:39664 [sender.py:send_request():363] send_request: defer
2023-03-09 23:55:31,174 INFO    SenderThread:39664 [sender.py:send_request_defer():583] handle sender defer: 6
2023-03-09 23:55:31,176 DEBUG   HandlerThread:39664 [handler.py:handle_request():144] handle_request: status_report
2023-03-09 23:55:31,737 INFO    SenderThread:39664 [sender.py:transition_state():587] send defer: 7
2023-03-09 23:55:31,737 DEBUG   HandlerThread:39664 [handler.py:handle_request():144] handle_request: defer
2023-03-09 23:55:31,737 INFO    HandlerThread:39664 [handler.py:handle_request_defer():170] handle defer: 7
2023-03-09 23:55:31,737 DEBUG   SenderThread:39664 [sender.py:send_request():363] send_request: defer
2023-03-09 23:55:31,737 INFO    SenderThread:39664 [sender.py:send_request_defer():583] handle sender defer: 7
2023-03-09 23:55:31,958 INFO    Thread-17 :39664 [dir_watcher.py:_on_file_modified():292] file/dir modified: C:\Users\Shivam Maurya\OneDrive\Desktop\IIT MADRAS\Deep Learning\assignment 1\CS6910-Deep_Learning_Assignment-1\wandb\run-20230309_235228-5qfy6l44\files\wandb-summary.json
2023-03-09 23:55:31,958 INFO    Thread-17 :39664 [dir_watcher.py:_on_file_modified():292] file/dir modified: C:\Users\Shivam Maurya\OneDrive\Desktop\IIT MADRAS\Deep Learning\assignment 1\CS6910-Deep_Learning_Assignment-1\wandb\run-20230309_235228-5qfy6l44\files\config.yaml
2023-03-09 23:55:32,178 DEBUG   HandlerThread:39664 [handler.py:handle_request():144] handle_request: poll_exit
2023-03-09 23:55:32,966 INFO    Thread-17 :39664 [dir_watcher.py:_on_file_modified():292] file/dir modified: C:\Users\Shivam Maurya\OneDrive\Desktop\IIT MADRAS\Deep Learning\assignment 1\CS6910-Deep_Learning_Assignment-1\wandb\run-20230309_235228-5qfy6l44\files\output.log
2023-03-09 23:55:33,171 INFO    SenderThread:39664 [sender.py:transition_state():587] send defer: 8
2023-03-09 23:55:33,171 DEBUG   SenderThread:39664 [sender.py:send_request():363] send_request: poll_exit
2023-03-09 23:55:33,171 DEBUG   HandlerThread:39664 [handler.py:handle_request():144] handle_request: defer
2023-03-09 23:55:33,171 INFO    HandlerThread:39664 [handler.py:handle_request_defer():170] handle defer: 8
2023-03-09 23:55:33,171 DEBUG   SenderThread:39664 [sender.py:send_request():363] send_request: defer
2023-03-09 23:55:33,171 INFO    SenderThread:39664 [sender.py:send_request_defer():583] handle sender defer: 8
2023-03-09 23:55:33,171 INFO    SenderThread:39664 [sender.py:transition_state():587] send defer: 9
2023-03-09 23:55:33,171 DEBUG   HandlerThread:39664 [handler.py:handle_request():144] handle_request: defer
2023-03-09 23:55:33,171 INFO    HandlerThread:39664 [handler.py:handle_request_defer():170] handle defer: 9
2023-03-09 23:55:33,171 DEBUG   SenderThread:39664 [sender.py:send_request():363] send_request: defer
2023-03-09 23:55:33,171 INFO    SenderThread:39664 [sender.py:send_request_defer():583] handle sender defer: 9
2023-03-09 23:55:33,171 INFO    SenderThread:39664 [dir_watcher.py:finish():362] shutting down directory watcher
2023-03-09 23:55:33,186 DEBUG   HandlerThread:39664 [handler.py:handle_request():144] handle_request: poll_exit
2023-03-09 23:55:33,974 INFO    SenderThread:39664 [dir_watcher.py:_on_file_modified():292] file/dir modified: C:\Users\Shivam Maurya\OneDrive\Desktop\IIT MADRAS\Deep Learning\assignment 1\CS6910-Deep_Learning_Assignment-1\wandb\run-20230309_235228-5qfy6l44\files\output.log
2023-03-09 23:55:33,974 INFO    SenderThread:39664 [dir_watcher.py:finish():392] scan: C:\Users\Shivam Maurya\OneDrive\Desktop\IIT MADRAS\Deep Learning\assignment 1\CS6910-Deep_Learning_Assignment-1\wandb\run-20230309_235228-5qfy6l44\files
2023-03-09 23:55:33,974 INFO    SenderThread:39664 [dir_watcher.py:finish():406] scan save: C:\Users\Shivam Maurya\OneDrive\Desktop\IIT MADRAS\Deep Learning\assignment 1\CS6910-Deep_Learning_Assignment-1\wandb\run-20230309_235228-5qfy6l44\files\conda-environment.yaml conda-environment.yaml
2023-03-09 23:55:33,974 INFO    SenderThread:39664 [dir_watcher.py:finish():406] scan save: C:\Users\Shivam Maurya\OneDrive\Desktop\IIT MADRAS\Deep Learning\assignment 1\CS6910-Deep_Learning_Assignment-1\wandb\run-20230309_235228-5qfy6l44\files\config.yaml config.yaml
2023-03-09 23:55:33,974 INFO    SenderThread:39664 [dir_watcher.py:finish():406] scan save: C:\Users\Shivam Maurya\OneDrive\Desktop\IIT MADRAS\Deep Learning\assignment 1\CS6910-Deep_Learning_Assignment-1\wandb\run-20230309_235228-5qfy6l44\files\output.log output.log
2023-03-09 23:55:33,974 INFO    SenderThread:39664 [dir_watcher.py:finish():406] scan save: C:\Users\Shivam Maurya\OneDrive\Desktop\IIT MADRAS\Deep Learning\assignment 1\CS6910-Deep_Learning_Assignment-1\wandb\run-20230309_235228-5qfy6l44\files\requirements.txt requirements.txt
2023-03-09 23:55:33,989 INFO    SenderThread:39664 [dir_watcher.py:finish():406] scan save: C:\Users\Shivam Maurya\OneDrive\Desktop\IIT MADRAS\Deep Learning\assignment 1\CS6910-Deep_Learning_Assignment-1\wandb\run-20230309_235228-5qfy6l44\files\wandb-metadata.json wandb-metadata.json
2023-03-09 23:55:33,989 INFO    SenderThread:39664 [dir_watcher.py:finish():406] scan save: C:\Users\Shivam Maurya\OneDrive\Desktop\IIT MADRAS\Deep Learning\assignment 1\CS6910-Deep_Learning_Assignment-1\wandb\run-20230309_235228-5qfy6l44\files\wandb-summary.json wandb-summary.json
2023-03-09 23:55:34,005 INFO    SenderThread:39664 [sender.py:transition_state():587] send defer: 10
2023-03-09 23:55:34,005 DEBUG   SenderThread:39664 [sender.py:send_request():363] send_request: poll_exit
2023-03-09 23:55:34,005 DEBUG   HandlerThread:39664 [handler.py:handle_request():144] handle_request: defer
2023-03-09 23:55:34,005 INFO    HandlerThread:39664 [handler.py:handle_request_defer():170] handle defer: 10
2023-03-09 23:55:34,022 DEBUG   SenderThread:39664 [sender.py:send_request():363] send_request: defer
2023-03-09 23:55:34,022 INFO    SenderThread:39664 [sender.py:send_request_defer():583] handle sender defer: 10
2023-03-09 23:55:34,022 INFO    SenderThread:39664 [file_pusher.py:finish():162] shutting down file pusher
2023-03-09 23:55:34,210 DEBUG   HandlerThread:39664 [handler.py:handle_request():144] handle_request: poll_exit
2023-03-09 23:55:34,210 DEBUG   SenderThread:39664 [sender.py:send_request():363] send_request: poll_exit
2023-03-09 23:55:34,809 INFO    wandb-upload_3:39664 [upload_job.py:push():138] Uploaded file C:\Users\Shivam Maurya\OneDrive\Desktop\IIT MADRAS\Deep Learning\assignment 1\CS6910-Deep_Learning_Assignment-1\wandb\run-20230309_235228-5qfy6l44\files\requirements.txt
2023-03-09 23:55:34,904 INFO    wandb-upload_1:39664 [upload_job.py:push():138] Uploaded file C:\Users\Shivam Maurya\OneDrive\Desktop\IIT MADRAS\Deep Learning\assignment 1\CS6910-Deep_Learning_Assignment-1\wandb\run-20230309_235228-5qfy6l44\files\config.yaml
2023-03-09 23:55:34,951 INFO    wandb-upload_0:39664 [upload_job.py:push():138] Uploaded file C:\Users\Shivam Maurya\OneDrive\Desktop\IIT MADRAS\Deep Learning\assignment 1\CS6910-Deep_Learning_Assignment-1\wandb\run-20230309_235228-5qfy6l44\files\conda-environment.yaml
2023-03-09 23:55:35,092 INFO    wandb-upload_2:39664 [upload_job.py:push():138] Uploaded file C:\Users\Shivam Maurya\OneDrive\Desktop\IIT MADRAS\Deep Learning\assignment 1\CS6910-Deep_Learning_Assignment-1\wandb\run-20230309_235228-5qfy6l44\files\output.log
2023-03-09 23:55:35,218 DEBUG   HandlerThread:39664 [handler.py:handle_request():144] handle_request: poll_exit
2023-03-09 23:55:35,218 DEBUG   SenderThread:39664 [sender.py:send_request():363] send_request: poll_exit
2023-03-09 23:55:35,281 INFO    wandb-upload_4:39664 [upload_job.py:push():138] Uploaded file C:\Users\Shivam Maurya\OneDrive\Desktop\IIT MADRAS\Deep Learning\assignment 1\CS6910-Deep_Learning_Assignment-1\wandb\run-20230309_235228-5qfy6l44\files\wandb-summary.json
2023-03-09 23:55:35,486 INFO    Thread-16 :39664 [sender.py:transition_state():587] send defer: 11
2023-03-09 23:55:35,486 DEBUG   HandlerThread:39664 [handler.py:handle_request():144] handle_request: defer
2023-03-09 23:55:35,486 INFO    HandlerThread:39664 [handler.py:handle_request_defer():170] handle defer: 11
2023-03-09 23:55:35,486 DEBUG   SenderThread:39664 [sender.py:send_request():363] send_request: defer
2023-03-09 23:55:35,486 INFO    SenderThread:39664 [sender.py:send_request_defer():583] handle sender defer: 11
2023-03-09 23:55:35,486 INFO    SenderThread:39664 [file_pusher.py:join():167] waiting for file pusher
2023-03-09 23:55:35,486 INFO    SenderThread:39664 [sender.py:transition_state():587] send defer: 12
2023-03-09 23:55:35,486 DEBUG   HandlerThread:39664 [handler.py:handle_request():144] handle_request: defer
2023-03-09 23:55:35,486 INFO    HandlerThread:39664 [handler.py:handle_request_defer():170] handle defer: 12
2023-03-09 23:55:35,486 DEBUG   SenderThread:39664 [sender.py:send_request():363] send_request: defer
2023-03-09 23:55:35,486 INFO    SenderThread:39664 [sender.py:send_request_defer():583] handle sender defer: 12
2023-03-09 23:55:36,226 DEBUG   HandlerThread:39664 [handler.py:handle_request():144] handle_request: poll_exit
2023-03-09 23:55:38,114 INFO    SenderThread:39664 [sender.py:transition_state():587] send defer: 13
2023-03-09 23:55:38,114 DEBUG   SenderThread:39664 [sender.py:send_request():363] send_request: poll_exit
2023-03-09 23:55:38,114 DEBUG   HandlerThread:39664 [handler.py:handle_request():144] handle_request: defer
2023-03-09 23:55:38,114 INFO    HandlerThread:39664 [handler.py:handle_request_defer():170] handle defer: 13
2023-03-09 23:55:38,114 DEBUG   SenderThread:39664 [sender.py:send_request():363] send_request: defer
2023-03-09 23:55:38,114 INFO    SenderThread:39664 [sender.py:send_request_defer():583] handle sender defer: 13
2023-03-09 23:55:38,114 INFO    SenderThread:39664 [sender.py:transition_state():587] send defer: 14
2023-03-09 23:55:38,114 DEBUG   HandlerThread:39664 [handler.py:handle_request():144] handle_request: defer
2023-03-09 23:55:38,114 DEBUG   SenderThread:39664 [sender.py:send():336] send: final
2023-03-09 23:55:38,114 INFO    HandlerThread:39664 [handler.py:handle_request_defer():170] handle defer: 14
2023-03-09 23:55:38,114 DEBUG   SenderThread:39664 [sender.py:send():336] send: footer
2023-03-09 23:55:38,114 DEBUG   SenderThread:39664 [sender.py:send_request():363] send_request: defer
2023-03-09 23:55:38,114 INFO    SenderThread:39664 [sender.py:send_request_defer():583] handle sender defer: 14
2023-03-09 23:55:38,114 DEBUG   HandlerThread:39664 [handler.py:handle_request():144] handle_request: poll_exit
2023-03-09 23:55:38,114 DEBUG   HandlerThread:39664 [handler.py:handle_request():144] handle_request: server_info
2023-03-09 23:55:38,114 DEBUG   HandlerThread:39664 [handler.py:handle_request():144] handle_request: get_summary
2023-03-09 23:55:38,114 DEBUG   HandlerThread:39664 [handler.py:handle_request():144] handle_request: sampled_history
2023-03-09 23:55:38,114 DEBUG   SenderThread:39664 [sender.py:send_request():363] send_request: poll_exit
2023-03-09 23:55:38,114 DEBUG   SenderThread:39664 [sender.py:send_request():363] send_request: server_info
2023-03-09 23:55:39,419 DEBUG   HandlerThread:39664 [handler.py:handle_request():144] handle_request: status_report
2023-03-09 23:55:39,419 DEBUG   HandlerThread:39664 [handler.py:handle_request():144] handle_request: shutdown
2023-03-09 23:55:39,419 INFO    HandlerThread:39664 [handler.py:finish():841] shutting down handler
2023-03-09 23:55:40,441 INFO    SenderThread:39664 [sender.py:finish():1493] shutting down sender
2023-03-09 23:55:40,441 INFO    WriterThread:39664 [datastore.py:close():299] close: C:\Users\Shivam Maurya\OneDrive\Desktop\IIT MADRAS\Deep Learning\assignment 1\CS6910-Deep_Learning_Assignment-1\wandb\run-20230309_235228-5qfy6l44\run-5qfy6l44.wandb
2023-03-09 23:55:40,441 INFO    SenderThread:39664 [file_pusher.py:finish():162] shutting down file pusher
2023-03-09 23:55:40,441 INFO    SenderThread:39664 [file_pusher.py:join():167] waiting for file pusher
