2023-03-10 22:05:34,672 INFO    StreamThr :42048 [internal.py:wandb_internal():87] W&B internal server running at pid: 42048, started at: 2023-03-10 22:05:34.672755
2023-03-10 22:05:34,672 DEBUG   HandlerThread:42048 [handler.py:handle_request():144] handle_request: status
2023-03-10 22:05:34,719 INFO    WriterThread:42048 [datastore.py:open_for_write():85] open: C:\Users\Shivam Maurya\OneDrive\Desktop\IIT MADRAS\Deep Learning\assignment 1\CS6910-Deep_Learning_Assignment-1\wandb\run-20230310_220534-x7k3go1j\run-x7k3go1j.wandb
2023-03-10 22:05:34,719 DEBUG   SenderThread:42048 [sender.py:send():336] send: header
2023-03-10 22:05:34,750 DEBUG   SenderThread:42048 [sender.py:send():336] send: run
2023-03-10 22:05:35,412 INFO    SenderThread:42048 [dir_watcher.py:__init__():216] watching files in: C:\Users\Shivam Maurya\OneDrive\Desktop\IIT MADRAS\Deep Learning\assignment 1\CS6910-Deep_Learning_Assignment-1\wandb\run-20230310_220534-x7k3go1j\files
2023-03-10 22:05:35,412 INFO    SenderThread:42048 [sender.py:_start_run_threads():1067] run started: x7k3go1j with start time 1678466134.688376
2023-03-10 22:05:35,412 DEBUG   SenderThread:42048 [sender.py:send_request():363] send_request: summary_record
2023-03-10 22:05:35,412 INFO    SenderThread:42048 [sender.py:_save_file():1321] saving file wandb-summary.json with policy end
2023-03-10 22:05:35,412 DEBUG   HandlerThread:42048 [handler.py:handle_request():144] handle_request: check_version
2023-03-10 22:05:35,412 DEBUG   SenderThread:42048 [sender.py:send_request():363] send_request: check_version
2023-03-10 22:05:35,462 DEBUG   HandlerThread:42048 [handler.py:handle_request():144] handle_request: run_start
2023-03-10 22:05:35,478 DEBUG   HandlerThread:42048 [system_info.py:__init__():31] System info init
2023-03-10 22:05:35,478 DEBUG   HandlerThread:42048 [system_info.py:__init__():46] System info init done
2023-03-10 22:05:35,478 INFO    HandlerThread:42048 [system_monitor.py:start():151] Starting system monitor
2023-03-10 22:05:35,478 INFO    SystemMonitor:42048 [system_monitor.py:_start():116] Starting system asset monitoring threads
2023-03-10 22:05:35,478 INFO    HandlerThread:42048 [system_monitor.py:probe():172] Collecting system info
2023-03-10 22:05:35,478 INFO    SystemMonitor:42048 [interfaces.py:start():168] Started cpu
2023-03-10 22:05:35,478 DEBUG   HandlerThread:42048 [system_info.py:probe():195] Probing system
2023-03-10 22:05:35,478 INFO    SystemMonitor:42048 [interfaces.py:start():168] Started disk
2023-03-10 22:05:35,478 INFO    SystemMonitor:42048 [interfaces.py:start():168] Started memory
2023-03-10 22:05:35,485 INFO    SystemMonitor:42048 [interfaces.py:start():168] Started network
2023-03-10 22:05:35,485 DEBUG   HandlerThread:42048 [system_info.py:_probe_git():180] Probing git
2023-03-10 22:05:35,540 DEBUG   HandlerThread:42048 [system_info.py:_probe_git():188] Probing git done
2023-03-10 22:05:35,540 DEBUG   HandlerThread:42048 [system_info.py:probe():241] Probing system done
2023-03-10 22:05:35,540 DEBUG   HandlerThread:42048 [system_monitor.py:probe():181] {'os': 'Windows-10-10.0.22621-SP0', 'python': '3.9.13', 'heartbeatAt': '2023-03-10T16:35:35.478505', 'startedAt': '2023-03-10T16:35:34.641955', 'docker': None, 'cuda': None, 'args': None, 'state': 'running', 'program': '<python with no main file>', 'git': {'remote': 'https://github.com/maurya050/CS6910-Deep_Learning_Assignment-1.git', 'commit': 'a74bc764de0ed08262585ca273a531625e253c10'}, 'email': 'mauryashivam050@gmail.com', 'root': 'C:/Users/Shivam Maurya/OneDrive/Desktop/IIT MADRAS/Deep Learning/assignment 1/CS6910-Deep_Learning_Assignment-1', 'host': 'LAPTOP-DEGE94G6', 'username': 'Shivam Maurya', 'executable': 'C:\\Anaconda\\python.exe', 'cpu_count': 4, 'cpu_count_logical': 8, 'cpu_freq': {'current': 2918.0, 'min': 0.0, 'max': 2918.0}, 'cpu_freq_per_core': [{'current': 2918.0, 'min': 0.0, 'max': 2918.0}], 'disk': {'total': 833.1318321228027, 'used': 292.33594131469727}, 'memory': {'total': 15.755851745605469}}
2023-03-10 22:05:35,540 INFO    HandlerThread:42048 [system_monitor.py:probe():182] Finished collecting system info
2023-03-10 22:05:35,540 INFO    HandlerThread:42048 [system_monitor.py:probe():185] Publishing system info
2023-03-10 22:05:35,540 DEBUG   HandlerThread:42048 [system_info.py:_save_pip():51] Saving list of pip packages installed into the current environment
2023-03-10 22:05:35,541 DEBUG   HandlerThread:42048 [system_info.py:_save_pip():67] Saving pip packages done
2023-03-10 22:05:35,541 DEBUG   HandlerThread:42048 [system_info.py:_save_conda():74] Saving list of conda packages installed into the current environment
2023-03-10 22:05:36,422 INFO    Thread-17 :42048 [dir_watcher.py:_on_file_created():275] file/dir created: C:\Users\Shivam Maurya\OneDrive\Desktop\IIT MADRAS\Deep Learning\assignment 1\CS6910-Deep_Learning_Assignment-1\wandb\run-20230310_220534-x7k3go1j\files\requirements.txt
2023-03-10 22:05:36,422 INFO    Thread-17 :42048 [dir_watcher.py:_on_file_created():275] file/dir created: C:\Users\Shivam Maurya\OneDrive\Desktop\IIT MADRAS\Deep Learning\assignment 1\CS6910-Deep_Learning_Assignment-1\wandb\run-20230310_220534-x7k3go1j\files\conda-environment.yaml
2023-03-10 22:05:36,422 INFO    Thread-17 :42048 [dir_watcher.py:_on_file_created():275] file/dir created: C:\Users\Shivam Maurya\OneDrive\Desktop\IIT MADRAS\Deep Learning\assignment 1\CS6910-Deep_Learning_Assignment-1\wandb\run-20230310_220534-x7k3go1j\files\wandb-summary.json
2023-03-10 22:05:43,818 DEBUG   HandlerThread:42048 [system_info.py:_save_conda():86] Saving conda packages done
2023-03-10 22:05:43,818 INFO    HandlerThread:42048 [system_monitor.py:probe():187] Finished publishing system info
2023-03-10 22:05:43,831 DEBUG   HandlerThread:42048 [handler.py:handle_request():144] handle_request: status_report
2023-03-10 22:05:43,831 DEBUG   HandlerThread:42048 [handler.py:handle_request():144] handle_request: keepalive
2023-03-10 22:05:43,831 DEBUG   SenderThread:42048 [sender.py:send():336] send: files
2023-03-10 22:05:43,831 INFO    SenderThread:42048 [sender.py:_save_file():1321] saving file wandb-metadata.json with policy now
2023-03-10 22:05:43,852 DEBUG   HandlerThread:42048 [handler.py:handle_request():144] handle_request: stop_status
2023-03-10 22:05:43,852 DEBUG   SenderThread:42048 [sender.py:send_request():363] send_request: stop_status
2023-03-10 22:05:44,119 DEBUG   SenderThread:42048 [sender.py:send():336] send: telemetry
2023-03-10 22:05:44,131 DEBUG   SenderThread:42048 [sender.py:send():336] send: telemetry
2023-03-10 22:05:44,131 DEBUG   SenderThread:42048 [sender.py:send():336] send: run
2023-03-10 22:05:44,432 INFO    SenderThread:42048 [sender.py:send_run():944] updated run: x7k3go1j
2023-03-10 22:05:44,494 INFO    Thread-17 :42048 [dir_watcher.py:_on_file_modified():292] file/dir modified: C:\Users\Shivam Maurya\OneDrive\Desktop\IIT MADRAS\Deep Learning\assignment 1\CS6910-Deep_Learning_Assignment-1\wandb\run-20230310_220534-x7k3go1j\files\conda-environment.yaml
2023-03-10 22:05:44,494 INFO    Thread-17 :42048 [dir_watcher.py:_on_file_modified():292] file/dir modified: C:\Users\Shivam Maurya\OneDrive\Desktop\IIT MADRAS\Deep Learning\assignment 1\CS6910-Deep_Learning_Assignment-1\wandb\run-20230310_220534-x7k3go1j\files\config.yaml
2023-03-10 22:05:44,494 INFO    Thread-17 :42048 [dir_watcher.py:_on_file_created():275] file/dir created: C:\Users\Shivam Maurya\OneDrive\Desktop\IIT MADRAS\Deep Learning\assignment 1\CS6910-Deep_Learning_Assignment-1\wandb\run-20230310_220534-x7k3go1j\files\wandb-metadata.json
2023-03-10 22:05:44,778 INFO    wandb-upload_0:42048 [upload_job.py:push():138] Uploaded file C:\Users\SHIVAM~1\AppData\Local\Temp\tmpss8w__38wandb\k7ykg63l-wandb-metadata.json
2023-03-10 22:05:46,447 DEBUG   HandlerThread:42048 [handler.py:handle_request():144] handle_request: status_report
2023-03-10 22:05:51,488 DEBUG   HandlerThread:42048 [handler.py:handle_request():144] handle_request: status_report
2023-03-10 22:05:56,534 DEBUG   HandlerThread:42048 [handler.py:handle_request():144] handle_request: status_report
2023-03-10 22:05:58,857 DEBUG   HandlerThread:42048 [handler.py:handle_request():144] handle_request: keepalive
2023-03-10 22:05:58,857 DEBUG   HandlerThread:42048 [handler.py:handle_request():144] handle_request: keepalive
2023-03-10 22:06:01,588 DEBUG   HandlerThread:42048 [handler.py:handle_request():144] handle_request: status_report
2023-03-10 22:06:03,900 DEBUG   HandlerThread:42048 [handler.py:handle_request():144] handle_request: keepalive
2023-03-10 22:06:06,629 DEBUG   HandlerThread:42048 [handler.py:handle_request():144] handle_request: status_report
2023-03-10 22:06:07,693 INFO    Thread-17 :42048 [dir_watcher.py:_on_file_modified():292] file/dir modified: C:\Users\Shivam Maurya\OneDrive\Desktop\IIT MADRAS\Deep Learning\assignment 1\CS6910-Deep_Learning_Assignment-1\wandb\run-20230310_220534-x7k3go1j\files\config.yaml
2023-03-10 22:06:08,938 DEBUG   HandlerThread:42048 [handler.py:handle_request():144] handle_request: keepalive
2023-03-10 22:06:10,608 DEBUG   HandlerThread:42048 [handler.py:handle_request():144] handle_request: partial_history
2023-03-10 22:06:10,608 DEBUG   SenderThread:42048 [sender.py:send():336] send: history
2023-03-10 22:06:10,608 DEBUG   SenderThread:42048 [sender.py:send_request():363] send_request: summary_record
2023-03-10 22:06:10,608 INFO    SenderThread:42048 [sender.py:_save_file():1321] saving file wandb-summary.json with policy end
2023-03-10 22:06:10,718 INFO    Thread-17 :42048 [dir_watcher.py:_on_file_modified():292] file/dir modified: C:\Users\Shivam Maurya\OneDrive\Desktop\IIT MADRAS\Deep Learning\assignment 1\CS6910-Deep_Learning_Assignment-1\wandb\run-20230310_220534-x7k3go1j\files\wandb-summary.json
2023-03-10 22:06:12,636 DEBUG   HandlerThread:42048 [handler.py:handle_request():144] handle_request: status_report
2023-03-10 22:06:13,975 DEBUG   HandlerThread:42048 [handler.py:handle_request():144] handle_request: keepalive
2023-03-10 22:06:17,673 DEBUG   HandlerThread:42048 [handler.py:handle_request():144] handle_request: status_report
2023-03-10 22:06:19,012 DEBUG   HandlerThread:42048 [handler.py:handle_request():144] handle_request: keepalive
2023-03-10 22:06:22,724 DEBUG   HandlerThread:42048 [handler.py:handle_request():144] handle_request: status_report
2023-03-10 22:06:24,057 DEBUG   HandlerThread:42048 [handler.py:handle_request():144] handle_request: keepalive
2023-03-10 22:06:27,757 DEBUG   HandlerThread:42048 [handler.py:handle_request():144] handle_request: status_report
2023-03-10 22:06:29,097 DEBUG   HandlerThread:42048 [handler.py:handle_request():144] handle_request: keepalive
2023-03-10 22:06:32,800 DEBUG   HandlerThread:42048 [handler.py:handle_request():144] handle_request: status_report
2023-03-10 22:06:34,148 DEBUG   HandlerThread:42048 [handler.py:handle_request():144] handle_request: keepalive
2023-03-10 22:06:35,389 DEBUG   HandlerThread:42048 [handler.py:handle_request():144] handle_request: partial_history
2023-03-10 22:06:35,390 DEBUG   SenderThread:42048 [sender.py:send():336] send: history
2023-03-10 22:06:35,390 DEBUG   SenderThread:42048 [sender.py:send_request():363] send_request: summary_record
2023-03-10 22:06:35,390 INFO    SenderThread:42048 [sender.py:_save_file():1321] saving file wandb-summary.json with policy end
2023-03-10 22:06:35,498 DEBUG   SystemMonitor:42048 [system_monitor.py:_start():130] Starting system metrics aggregation loop
2023-03-10 22:06:35,499 DEBUG   SenderThread:42048 [sender.py:send():336] send: stats
2023-03-10 22:06:35,926 INFO    Thread-17 :42048 [dir_watcher.py:_on_file_modified():292] file/dir modified: C:\Users\Shivam Maurya\OneDrive\Desktop\IIT MADRAS\Deep Learning\assignment 1\CS6910-Deep_Learning_Assignment-1\wandb\run-20230310_220534-x7k3go1j\files\wandb-summary.json
2023-03-10 22:06:38,517 DEBUG   HandlerThread:42048 [handler.py:handle_request():144] handle_request: status_report
2023-03-10 22:06:39,211 DEBUG   HandlerThread:42048 [handler.py:handle_request():144] handle_request: keepalive
2023-03-10 22:06:43,569 DEBUG   HandlerThread:42048 [handler.py:handle_request():144] handle_request: status_report
2023-03-10 22:06:44,283 DEBUG   HandlerThread:42048 [handler.py:handle_request():144] handle_request: keepalive
2023-03-10 22:06:48,631 DEBUG   HandlerThread:42048 [handler.py:handle_request():144] handle_request: status_report
2023-03-10 22:06:49,344 DEBUG   HandlerThread:42048 [handler.py:handle_request():144] handle_request: keepalive
2023-03-10 22:06:53,697 DEBUG   HandlerThread:42048 [handler.py:handle_request():144] handle_request: status_report
2023-03-10 22:06:54,410 DEBUG   HandlerThread:42048 [handler.py:handle_request():144] handle_request: keepalive
2023-03-10 22:06:58,753 DEBUG   HandlerThread:42048 [handler.py:handle_request():144] handle_request: status_report
2023-03-10 22:06:59,453 DEBUG   HandlerThread:42048 [handler.py:handle_request():144] handle_request: keepalive
2023-03-10 22:07:03,242 DEBUG   HandlerThread:42048 [handler.py:handle_request():144] handle_request: partial_history
2023-03-10 22:07:03,245 DEBUG   SenderThread:42048 [sender.py:send():336] send: history
2023-03-10 22:07:03,245 DEBUG   SenderThread:42048 [sender.py:send_request():363] send_request: summary_record
2023-03-10 22:07:03,247 INFO    SenderThread:42048 [sender.py:_save_file():1321] saving file wandb-summary.json with policy end
2023-03-10 22:07:03,250 INFO    Thread-17 :42048 [dir_watcher.py:_on_file_modified():292] file/dir modified: C:\Users\Shivam Maurya\OneDrive\Desktop\IIT MADRAS\Deep Learning\assignment 1\CS6910-Deep_Learning_Assignment-1\wandb\run-20230310_220534-x7k3go1j\files\wandb-summary.json
2023-03-10 22:07:04,250 DEBUG   HandlerThread:42048 [handler.py:handle_request():144] handle_request: status_report
2023-03-10 22:07:04,500 DEBUG   HandlerThread:42048 [handler.py:handle_request():144] handle_request: keepalive
2023-03-10 22:07:05,513 DEBUG   SenderThread:42048 [sender.py:send():336] send: stats
2023-03-10 22:07:09,557 DEBUG   HandlerThread:42048 [handler.py:handle_request():144] handle_request: status_report
2023-03-10 22:07:09,558 DEBUG   HandlerThread:42048 [handler.py:handle_request():144] handle_request: keepalive
2023-03-10 22:07:14,626 DEBUG   HandlerThread:42048 [handler.py:handle_request():144] handle_request: status_report
2023-03-10 22:07:14,626 DEBUG   HandlerThread:42048 [handler.py:handle_request():144] handle_request: keepalive
2023-03-10 22:07:19,675 DEBUG   HandlerThread:42048 [handler.py:handle_request():144] handle_request: status_report
2023-03-10 22:07:19,675 DEBUG   HandlerThread:42048 [handler.py:handle_request():144] handle_request: keepalive
2023-03-10 22:07:24,724 DEBUG   HandlerThread:42048 [handler.py:handle_request():144] handle_request: status_report
2023-03-10 22:07:24,724 DEBUG   HandlerThread:42048 [handler.py:handle_request():144] handle_request: keepalive
2023-03-10 22:07:29,775 DEBUG   HandlerThread:42048 [handler.py:handle_request():144] handle_request: status_report
2023-03-10 22:07:29,775 DEBUG   HandlerThread:42048 [handler.py:handle_request():144] handle_request: keepalive
2023-03-10 22:07:33,636 DEBUG   HandlerThread:42048 [handler.py:handle_request():144] handle_request: partial_history
2023-03-10 22:07:33,636 DEBUG   SenderThread:42048 [sender.py:send():336] send: history
2023-03-10 22:07:33,636 DEBUG   SenderThread:42048 [sender.py:send_request():363] send_request: summary_record
2023-03-10 22:07:33,636 INFO    SenderThread:42048 [sender.py:_save_file():1321] saving file wandb-summary.json with policy end
2023-03-10 22:07:34,566 INFO    Thread-17 :42048 [dir_watcher.py:_on_file_modified():292] file/dir modified: C:\Users\Shivam Maurya\OneDrive\Desktop\IIT MADRAS\Deep Learning\assignment 1\CS6910-Deep_Learning_Assignment-1\wandb\run-20230310_220534-x7k3go1j\files\wandb-summary.json
2023-03-10 22:07:34,822 DEBUG   HandlerThread:42048 [handler.py:handle_request():144] handle_request: keepalive
2023-03-10 22:07:35,512 DEBUG   SenderThread:42048 [sender.py:send():336] send: stats
2023-03-10 22:07:35,512 DEBUG   HandlerThread:42048 [handler.py:handle_request():144] handle_request: status_report
2023-03-10 22:07:39,859 DEBUG   HandlerThread:42048 [handler.py:handle_request():144] handle_request: keepalive
2023-03-10 22:07:40,543 DEBUG   HandlerThread:42048 [handler.py:handle_request():144] handle_request: status_report
2023-03-10 22:07:44,908 DEBUG   HandlerThread:42048 [handler.py:handle_request():144] handle_request: keepalive
2023-03-10 22:07:44,908 DEBUG   HandlerThread:42048 [handler.py:handle_request():144] handle_request: keepalive
2023-03-10 22:07:45,586 DEBUG   HandlerThread:42048 [handler.py:handle_request():144] handle_request: status_report
2023-03-10 22:07:49,949 DEBUG   HandlerThread:42048 [handler.py:handle_request():144] handle_request: keepalive
2023-03-10 22:07:50,625 DEBUG   HandlerThread:42048 [handler.py:handle_request():144] handle_request: status_report
2023-03-10 22:07:54,997 DEBUG   HandlerThread:42048 [handler.py:handle_request():144] handle_request: keepalive
2023-03-10 22:07:55,675 DEBUG   HandlerThread:42048 [handler.py:handle_request():144] handle_request: status_report
2023-03-10 22:08:00,040 DEBUG   HandlerThread:42048 [handler.py:handle_request():144] handle_request: keepalive
2023-03-10 22:08:00,719 DEBUG   HandlerThread:42048 [handler.py:handle_request():144] handle_request: status_report
2023-03-10 22:08:05,097 DEBUG   HandlerThread:42048 [handler.py:handle_request():144] handle_request: keepalive
2023-03-10 22:08:05,519 DEBUG   SenderThread:42048 [sender.py:send():336] send: stats
2023-03-10 22:08:06,531 DEBUG   HandlerThread:42048 [handler.py:handle_request():144] handle_request: status_report
2023-03-10 22:08:10,142 DEBUG   HandlerThread:42048 [handler.py:handle_request():144] handle_request: keepalive
2023-03-10 22:08:11,602 DEBUG   HandlerThread:42048 [handler.py:handle_request():144] handle_request: status_report
2023-03-10 22:08:15,177 DEBUG   HandlerThread:42048 [handler.py:handle_request():144] handle_request: keepalive
2023-03-10 22:08:16,662 DEBUG   HandlerThread:42048 [handler.py:handle_request():144] handle_request: status_report
2023-03-11 02:08:17,384 DEBUG   HandlerThread:42048 [handler.py:handle_request():144] handle_request: keepalive
2023-03-11 02:08:17,815 DEBUG   HandlerThread:42048 [handler.py:handle_request():144] handle_request: status_report
2023-03-11 02:08:17,815 DEBUG   HandlerThread:42048 [handler.py:handle_request():144] handle_request: partial_history
2023-03-11 02:08:17,815 DEBUG   SenderThread:42048 [sender.py:send():336] send: history
2023-03-11 02:08:17,815 DEBUG   SenderThread:42048 [sender.py:send_request():363] send_request: summary_record
2023-03-11 02:08:17,823 DEBUG   HandlerThread:42048 [handler.py:handle_request():144] handle_request: partial_history
2023-03-11 02:08:17,823 INFO    SenderThread:42048 [sender.py:_save_file():1321] saving file wandb-summary.json with policy end
2023-03-11 02:08:17,831 DEBUG   SenderThread:42048 [sender.py:send():336] send: history
2023-03-11 02:08:17,831 DEBUG   SenderThread:42048 [sender.py:send_request():363] send_request: summary_record
2023-03-11 02:08:17,831 INFO    SenderThread:42048 [sender.py:_save_file():1321] saving file wandb-summary.json with policy end
2023-03-11 02:08:17,831 DEBUG   SenderThread:42048 [sender.py:send():336] send: telemetry
2023-03-11 02:08:17,831 DEBUG   SenderThread:42048 [sender.py:send():336] send: exit
2023-03-11 02:08:17,831 INFO    SenderThread:42048 [sender.py:send_exit():559] handling exit code: 0
2023-03-11 02:08:17,831 INFO    SenderThread:42048 [sender.py:send_exit():561] handling runtime: 14562
2023-03-11 02:08:17,831 INFO    SenderThread:42048 [sender.py:_save_file():1321] saving file wandb-summary.json with policy end
2023-03-11 02:08:17,831 INFO    SenderThread:42048 [sender.py:send_exit():567] send defer
2023-03-11 02:08:17,831 DEBUG   HandlerThread:42048 [handler.py:handle_request():144] handle_request: defer
2023-03-11 02:08:17,831 INFO    HandlerThread:42048 [handler.py:handle_request_defer():170] handle defer: 0
2023-03-11 02:08:17,831 DEBUG   SenderThread:42048 [sender.py:send_request():363] send_request: defer
2023-03-11 02:08:17,831 INFO    SenderThread:42048 [sender.py:send_request_defer():583] handle sender defer: 0
2023-03-11 02:08:17,831 INFO    SenderThread:42048 [sender.py:transition_state():587] send defer: 1
2023-03-11 02:08:17,831 DEBUG   HandlerThread:42048 [handler.py:handle_request():144] handle_request: defer
2023-03-11 02:08:17,831 INFO    HandlerThread:42048 [handler.py:handle_request_defer():170] handle defer: 1
2023-03-11 02:08:17,831 DEBUG   SenderThread:42048 [sender.py:send_request():363] send_request: defer
2023-03-11 02:08:17,831 INFO    SenderThread:42048 [sender.py:send_request_defer():583] handle sender defer: 1
2023-03-11 02:08:17,831 INFO    SenderThread:42048 [sender.py:transition_state():587] send defer: 2
2023-03-11 02:08:17,831 DEBUG   HandlerThread:42048 [handler.py:handle_request():144] handle_request: defer
2023-03-11 02:08:17,831 INFO    HandlerThread:42048 [handler.py:handle_request_defer():170] handle defer: 2
2023-03-11 02:08:17,831 INFO    HandlerThread:42048 [system_monitor.py:finish():161] Stopping system monitor
2023-03-11 02:08:17,831 DEBUG   SystemMonitor:42048 [system_monitor.py:_start():137] Finished system metrics aggregation loop
2023-03-11 02:08:17,831 DEBUG   SystemMonitor:42048 [system_monitor.py:_start():141] Publishing last batch of metrics
2023-03-11 02:08:17,831 INFO    HandlerThread:42048 [interfaces.py:finish():175] Joined cpu
2023-03-11 02:08:17,831 INFO    HandlerThread:42048 [interfaces.py:finish():175] Joined disk
2023-03-11 02:08:17,831 INFO    HandlerThread:42048 [interfaces.py:finish():175] Joined memory
2023-03-11 02:08:17,831 INFO    HandlerThread:42048 [interfaces.py:finish():175] Joined network
2023-03-11 02:08:17,839 DEBUG   SenderThread:42048 [sender.py:send_request():363] send_request: defer
2023-03-11 02:08:17,839 INFO    SenderThread:42048 [sender.py:send_request_defer():583] handle sender defer: 2
2023-03-11 02:08:17,839 INFO    SenderThread:42048 [sender.py:transition_state():587] send defer: 3
2023-03-11 02:08:17,839 DEBUG   SenderThread:42048 [sender.py:send():336] send: stats
2023-03-11 02:08:17,839 DEBUG   HandlerThread:42048 [handler.py:handle_request():144] handle_request: defer
2023-03-11 02:08:17,839 INFO    HandlerThread:42048 [handler.py:handle_request_defer():170] handle defer: 3
2023-03-11 02:08:17,839 DEBUG   SenderThread:42048 [sender.py:send_request():363] send_request: defer
2023-03-11 02:08:17,839 INFO    SenderThread:42048 [sender.py:send_request_defer():583] handle sender defer: 3
2023-03-11 02:08:17,839 INFO    SenderThread:42048 [sender.py:transition_state():587] send defer: 4
2023-03-11 02:08:17,839 DEBUG   HandlerThread:42048 [handler.py:handle_request():144] handle_request: defer
2023-03-11 02:08:17,839 INFO    HandlerThread:42048 [handler.py:handle_request_defer():170] handle defer: 4
2023-03-11 02:08:17,839 DEBUG   SenderThread:42048 [sender.py:send_request():363] send_request: defer
2023-03-11 02:08:17,839 INFO    SenderThread:42048 [sender.py:send_request_defer():583] handle sender defer: 4
2023-03-11 02:08:17,839 INFO    SenderThread:42048 [sender.py:transition_state():587] send defer: 5
2023-03-11 02:08:17,839 DEBUG   HandlerThread:42048 [handler.py:handle_request():144] handle_request: defer
2023-03-11 02:08:17,839 INFO    HandlerThread:42048 [handler.py:handle_request_defer():170] handle defer: 5
2023-03-11 02:08:17,839 DEBUG   SenderThread:42048 [sender.py:send():336] send: summary
2023-03-11 02:08:17,839 INFO    SenderThread:42048 [sender.py:_save_file():1321] saving file wandb-summary.json with policy end
2023-03-11 02:08:17,839 DEBUG   SenderThread:42048 [sender.py:send_request():363] send_request: defer
2023-03-11 02:08:17,839 INFO    SenderThread:42048 [sender.py:send_request_defer():583] handle sender defer: 5
2023-03-11 02:08:17,839 INFO    SenderThread:42048 [sender.py:transition_state():587] send defer: 6
2023-03-11 02:08:17,839 DEBUG   HandlerThread:42048 [handler.py:handle_request():144] handle_request: defer
2023-03-11 02:08:17,839 INFO    HandlerThread:42048 [handler.py:handle_request_defer():170] handle defer: 6
2023-03-11 02:08:17,839 DEBUG   SenderThread:42048 [sender.py:send_request():363] send_request: defer
2023-03-11 02:08:17,839 INFO    SenderThread:42048 [sender.py:send_request_defer():583] handle sender defer: 6
2023-03-11 02:08:17,847 DEBUG   HandlerThread:42048 [handler.py:handle_request():144] handle_request: status_report
2023-03-11 02:08:18,079 INFO    Thread-17 :42048 [dir_watcher.py:_on_file_modified():292] file/dir modified: C:\Users\Shivam Maurya\OneDrive\Desktop\IIT MADRAS\Deep Learning\assignment 1\CS6910-Deep_Learning_Assignment-1\wandb\run-20230310_220534-x7k3go1j\files\wandb-summary.json
2023-03-11 02:08:18,079 INFO    Thread-17 :42048 [dir_watcher.py:_on_file_created():275] file/dir created: C:\Users\Shivam Maurya\OneDrive\Desktop\IIT MADRAS\Deep Learning\assignment 1\CS6910-Deep_Learning_Assignment-1\wandb\run-20230310_220534-x7k3go1j\files\output.log
2023-03-11 02:08:18,830 DEBUG   HandlerThread:42048 [handler.py:handle_request():144] handle_request: poll_exit
2023-03-11 02:08:20,088 INFO    Thread-17 :42048 [dir_watcher.py:_on_file_modified():292] file/dir modified: C:\Users\Shivam Maurya\OneDrive\Desktop\IIT MADRAS\Deep Learning\assignment 1\CS6910-Deep_Learning_Assignment-1\wandb\run-20230310_220534-x7k3go1j\files\output.log
2023-03-11 02:08:21,519 INFO    SenderThread:42048 [retry.py:__call__():172] Retry attempt failed:
Traceback (most recent call last):
  File "C:\Anaconda\lib\site-packages\urllib3\connection.py", line 174, in _new_conn
    conn = connection.create_connection(
  File "C:\Anaconda\lib\site-packages\urllib3\util\connection.py", line 72, in create_connection
    for res in socket.getaddrinfo(host, port, family, socket.SOCK_STREAM):
  File "C:\Anaconda\lib\socket.py", line 954, in getaddrinfo
    for res in _socket.getaddrinfo(host, port, family, type, proto, flags):
socket.gaierror: [Errno 11001] getaddrinfo failed

During handling of the above exception, another exception occurred:

Traceback (most recent call last):
  File "C:\Anaconda\lib\site-packages\urllib3\connectionpool.py", line 703, in urlopen
    httplib_response = self._make_request(
  File "C:\Anaconda\lib\site-packages\urllib3\connectionpool.py", line 386, in _make_request
    self._validate_conn(conn)
  File "C:\Anaconda\lib\site-packages\urllib3\connectionpool.py", line 1042, in _validate_conn
    conn.connect()
  File "C:\Anaconda\lib\site-packages\urllib3\connection.py", line 358, in connect
    self.sock = conn = self._new_conn()
  File "C:\Anaconda\lib\site-packages\urllib3\connection.py", line 186, in _new_conn
    raise NewConnectionError(
urllib3.exceptions.NewConnectionError: <urllib3.connection.HTTPSConnection object at 0x000002A3D0162C10>: Failed to establish a new connection: [Errno 11001] getaddrinfo failed

During handling of the above exception, another exception occurred:

Traceback (most recent call last):
  File "C:\Anaconda\lib\site-packages\requests\adapters.py", line 489, in send
    resp = conn.urlopen(
  File "C:\Anaconda\lib\site-packages\urllib3\connectionpool.py", line 787, in urlopen
    retries = retries.increment(
  File "C:\Anaconda\lib\site-packages\urllib3\util\retry.py", line 592, in increment
    raise MaxRetryError(_pool, url, error or ResponseError(cause))
urllib3.exceptions.MaxRetryError: HTTPSConnectionPool(host='api.wandb.ai', port=443): Max retries exceeded with url: /graphql (Caused by NewConnectionError('<urllib3.connection.HTTPSConnection object at 0x000002A3D0162C10>: Failed to establish a new connection: [Errno 11001] getaddrinfo failed'))

During handling of the above exception, another exception occurred:

Traceback (most recent call last):
  File "C:\Anaconda\lib\site-packages\wandb\sdk\lib\retry.py", line 131, in __call__
    result = self._call_fn(*args, **kwargs)
  File "C:\Anaconda\lib\site-packages\wandb\sdk\internal\internal_api.py", line 242, in execute
    return self.client.execute(*args, **kwargs)  # type: ignore
  File "C:\Anaconda\lib\site-packages\wandb\vendor\gql-0.2.0\wandb_gql\client.py", line 52, in execute
    result = self._get_result(document, *args, **kwargs)
  File "C:\Anaconda\lib\site-packages\wandb\vendor\gql-0.2.0\wandb_gql\client.py", line 60, in _get_result
    return self.transport.execute(document, *args, **kwargs)
  File "C:\Anaconda\lib\site-packages\wandb\vendor\gql-0.2.0\wandb_gql\transport\requests.py", line 38, in execute
    request = requests.post(self.url, **post_args)
  File "C:\Anaconda\lib\site-packages\requests\api.py", line 115, in post
    return request("post", url, data=data, json=json, **kwargs)
  File "C:\Anaconda\lib\site-packages\requests\api.py", line 59, in request
    return session.request(method=method, url=url, **kwargs)
  File "C:\Anaconda\lib\site-packages\requests\sessions.py", line 587, in request
    resp = self.send(prep, **send_kwargs)
  File "C:\Anaconda\lib\site-packages\requests\sessions.py", line 701, in send
    r = adapter.send(request, **kwargs)
  File "C:\Anaconda\lib\site-packages\requests\adapters.py", line 565, in send
    raise ConnectionError(e, request=request)
requests.exceptions.ConnectionError: HTTPSConnectionPool(host='api.wandb.ai', port=443): Max retries exceeded with url: /graphql (Caused by NewConnectionError('<urllib3.connection.HTTPSConnection object at 0x000002A3D0162C10>: Failed to establish a new connection: [Errno 11001] getaddrinfo failed'))
2023-03-11 02:08:23,854 DEBUG   HandlerThread:42048 [handler.py:handle_request():144] handle_request: keepalive
2023-03-11 10:07:38,899 DEBUG   HandlerThread:42048 [handler.py:handle_request():144] handle_request: keepalive
2023-03-11 10:07:38,997 WARNING FileStreamThread:42048 [file_stream.py:request_with_retry():667] requests_with_retry encountered retryable exception: ('Connection aborted.', TimeoutError(10060, 'A connection attempt failed because the connected party did not properly respond after a period of time, or established connection failed because connected host has failed to respond', None, 10060, None)). func: <bound method Session.post of <requests.sessions.Session object at 0x000002A3D009C100>>, args: ('https://api.wandb.ai/files/cs22m083/CS6910_Assignment_1/x7k3go1j/file_stream',), kwargs: {'json': {'files': {'wandb-history.jsonl': {'offset': 4, 'content': ['{"Training_accuracy": 0.7984333333333333, "Validation_accuracy": 0.8001, "Training_loss": 0.5747784817764318, "Validation_loss": 0.5588752345410495, "Epoch": 5, "_timestamp": 1678480697.815716, "_runtime": 14563.127340078354, "_step": 4}']}}, 'dropped': 0}}
2023-03-11 10:07:41,370 WARNING FileStreamThread:42048 [file_stream.py:request_with_retry():667] requests_with_retry encountered retryable exception: HTTPSConnectionPool(host='api.wandb.ai', port=443): Max retries exceeded with url: /files/cs22m083/CS6910_Assignment_1/x7k3go1j/file_stream (Caused by NewConnectionError('<urllib3.connection.HTTPSConnection object at 0x000002A3D0159070>: Failed to establish a new connection: [Errno 11001] getaddrinfo failed')). func: <bound method Session.post of <requests.sessions.Session object at 0x000002A3D009C100>>, args: ('https://api.wandb.ai/files/cs22m083/CS6910_Assignment_1/x7k3go1j/file_stream',), kwargs: {'json': {'files': {'wandb-history.jsonl': {'offset': 4, 'content': ['{"Training_accuracy": 0.7984333333333333, "Validation_accuracy": 0.8001, "Training_loss": 0.5747784817764318, "Validation_loss": 0.5588752345410495, "Epoch": 5, "_timestamp": 1678480697.815716, "_runtime": 14563.127340078354, "_step": 4}']}}, 'dropped': 0}}
2023-03-11 10:07:43,930 DEBUG   HandlerThread:42048 [handler.py:handle_request():144] handle_request: keepalive
2023-03-11 10:07:46,092 WARNING FileStreamThread:42048 [file_stream.py:request_with_retry():667] requests_with_retry encountered retryable exception: HTTPSConnectionPool(host='api.wandb.ai', port=443): Max retries exceeded with url: /files/cs22m083/CS6910_Assignment_1/x7k3go1j/file_stream (Caused by NewConnectionError('<urllib3.connection.HTTPSConnection object at 0x000002A3D0159160>: Failed to establish a new connection: [Errno 11001] getaddrinfo failed')). func: <bound method Session.post of <requests.sessions.Session object at 0x000002A3D009C100>>, args: ('https://api.wandb.ai/files/cs22m083/CS6910_Assignment_1/x7k3go1j/file_stream',), kwargs: {'json': {'files': {'wandb-history.jsonl': {'offset': 4, 'content': ['{"Training_accuracy": 0.7984333333333333, "Validation_accuracy": 0.8001, "Training_loss": 0.5747784817764318, "Validation_loss": 0.5588752345410495, "Epoch": 5, "_timestamp": 1678480697.815716, "_runtime": 14563.127340078354, "_step": 4}']}}, 'dropped': 0}}
2023-03-11 10:07:48,975 DEBUG   HandlerThread:42048 [handler.py:handle_request():144] handle_request: keepalive
2023-03-11 10:07:54,000 DEBUG   HandlerThread:42048 [handler.py:handle_request():144] handle_request: keepalive
2023-03-11 10:07:54,910 WARNING FileStreamThread:42048 [file_stream.py:request_with_retry():667] requests_with_retry encountered retryable exception: HTTPSConnectionPool(host='api.wandb.ai', port=443): Max retries exceeded with url: /files/cs22m083/CS6910_Assignment_1/x7k3go1j/file_stream (Caused by NewConnectionError('<urllib3.connection.HTTPSConnection object at 0x000002A3D0159310>: Failed to establish a new connection: [Errno 11001] getaddrinfo failed')). func: <bound method Session.post of <requests.sessions.Session object at 0x000002A3D009C100>>, args: ('https://api.wandb.ai/files/cs22m083/CS6910_Assignment_1/x7k3go1j/file_stream',), kwargs: {'json': {'files': {'wandb-history.jsonl': {'offset': 4, 'content': ['{"Training_accuracy": 0.7984333333333333, "Validation_accuracy": 0.8001, "Training_loss": 0.5747784817764318, "Validation_loss": 0.5588752345410495, "Epoch": 5, "_timestamp": 1678480697.815716, "_runtime": 14563.127340078354, "_step": 4}']}}, 'dropped': 0}}
2023-03-11 10:07:59,027 DEBUG   HandlerThread:42048 [handler.py:handle_request():144] handle_request: keepalive
2023-03-11 10:08:04,066 DEBUG   HandlerThread:42048 [handler.py:handle_request():144] handle_request: keepalive
2023-03-11 10:08:08,332 INFO    SenderThread:42048 [sender.py:transition_state():587] send defer: 7
2023-03-11 10:08:08,332 DEBUG   SenderThread:42048 [sender.py:send_request():363] send_request: poll_exit
2023-03-11 10:08:08,332 DEBUG   HandlerThread:42048 [handler.py:handle_request():144] handle_request: defer
2023-03-11 10:08:08,332 INFO    HandlerThread:42048 [handler.py:handle_request_defer():170] handle defer: 7
2023-03-11 10:08:08,332 DEBUG   HandlerThread:42048 [handler.py:handle_request():144] handle_request: status_report
2023-03-11 10:08:08,332 DEBUG   SenderThread:42048 [sender.py:send_request():363] send_request: defer
2023-03-11 10:08:08,332 INFO    SenderThread:42048 [sender.py:send_request_defer():583] handle sender defer: 7
2023-03-11 10:08:08,395 INFO    Thread-17 :42048 [dir_watcher.py:_on_file_modified():292] file/dir modified: C:\Users\Shivam Maurya\OneDrive\Desktop\IIT MADRAS\Deep Learning\assignment 1\CS6910-Deep_Learning_Assignment-1\wandb\run-20230310_220534-x7k3go1j\files\config.yaml
2023-03-11 10:08:08,993 INFO    SenderThread:42048 [sender.py:transition_state():587] send defer: 8
2023-03-11 10:08:08,993 DEBUG   HandlerThread:42048 [handler.py:handle_request():144] handle_request: defer
2023-03-11 10:08:08,993 INFO    HandlerThread:42048 [handler.py:handle_request_defer():170] handle defer: 8
2023-03-11 10:08:08,993 DEBUG   SenderThread:42048 [sender.py:send_request():363] send_request: defer
2023-03-11 10:08:08,993 INFO    SenderThread:42048 [sender.py:send_request_defer():583] handle sender defer: 8
2023-03-11 10:08:08,993 INFO    SenderThread:42048 [sender.py:transition_state():587] send defer: 9
2023-03-11 10:08:08,993 DEBUG   HandlerThread:42048 [handler.py:handle_request():144] handle_request: defer
2023-03-11 10:08:08,993 INFO    HandlerThread:42048 [handler.py:handle_request_defer():170] handle defer: 9
2023-03-11 10:08:08,993 DEBUG   SenderThread:42048 [sender.py:send_request():363] send_request: defer
2023-03-11 10:08:08,993 INFO    SenderThread:42048 [sender.py:send_request_defer():583] handle sender defer: 9
2023-03-11 10:08:08,993 INFO    SenderThread:42048 [dir_watcher.py:finish():362] shutting down directory watcher
2023-03-11 10:08:09,087 DEBUG   HandlerThread:42048 [handler.py:handle_request():144] handle_request: keepalive
2023-03-11 10:08:09,400 INFO    SenderThread:42048 [dir_watcher.py:_on_file_modified():292] file/dir modified: C:\Users\Shivam Maurya\OneDrive\Desktop\IIT MADRAS\Deep Learning\assignment 1\CS6910-Deep_Learning_Assignment-1\wandb\run-20230310_220534-x7k3go1j\files\output.log
2023-03-11 10:08:09,400 INFO    SenderThread:42048 [dir_watcher.py:finish():392] scan: C:\Users\Shivam Maurya\OneDrive\Desktop\IIT MADRAS\Deep Learning\assignment 1\CS6910-Deep_Learning_Assignment-1\wandb\run-20230310_220534-x7k3go1j\files
2023-03-11 10:08:09,400 INFO    SenderThread:42048 [dir_watcher.py:finish():406] scan save: C:\Users\Shivam Maurya\OneDrive\Desktop\IIT MADRAS\Deep Learning\assignment 1\CS6910-Deep_Learning_Assignment-1\wandb\run-20230310_220534-x7k3go1j\files\conda-environment.yaml conda-environment.yaml
2023-03-11 10:08:09,400 INFO    SenderThread:42048 [dir_watcher.py:finish():406] scan save: C:\Users\Shivam Maurya\OneDrive\Desktop\IIT MADRAS\Deep Learning\assignment 1\CS6910-Deep_Learning_Assignment-1\wandb\run-20230310_220534-x7k3go1j\files\config.yaml config.yaml
2023-03-11 10:08:09,400 INFO    SenderThread:42048 [dir_watcher.py:finish():406] scan save: C:\Users\Shivam Maurya\OneDrive\Desktop\IIT MADRAS\Deep Learning\assignment 1\CS6910-Deep_Learning_Assignment-1\wandb\run-20230310_220534-x7k3go1j\files\output.log output.log
2023-03-11 10:08:09,400 INFO    SenderThread:42048 [dir_watcher.py:finish():406] scan save: C:\Users\Shivam Maurya\OneDrive\Desktop\IIT MADRAS\Deep Learning\assignment 1\CS6910-Deep_Learning_Assignment-1\wandb\run-20230310_220534-x7k3go1j\files\requirements.txt requirements.txt
2023-03-11 10:08:09,400 INFO    SenderThread:42048 [dir_watcher.py:finish():406] scan save: C:\Users\Shivam Maurya\OneDrive\Desktop\IIT MADRAS\Deep Learning\assignment 1\CS6910-Deep_Learning_Assignment-1\wandb\run-20230310_220534-x7k3go1j\files\wandb-metadata.json wandb-metadata.json
2023-03-11 10:08:09,400 INFO    SenderThread:42048 [dir_watcher.py:finish():406] scan save: C:\Users\Shivam Maurya\OneDrive\Desktop\IIT MADRAS\Deep Learning\assignment 1\CS6910-Deep_Learning_Assignment-1\wandb\run-20230310_220534-x7k3go1j\files\wandb-summary.json wandb-summary.json
2023-03-11 10:08:09,400 INFO    SenderThread:42048 [sender.py:transition_state():587] send defer: 10
2023-03-11 10:08:09,416 DEBUG   HandlerThread:42048 [handler.py:handle_request():144] handle_request: defer
2023-03-11 10:08:09,416 INFO    HandlerThread:42048 [handler.py:handle_request_defer():170] handle defer: 10
2023-03-11 10:08:09,417 DEBUG   SenderThread:42048 [sender.py:send_request():363] send_request: defer
2023-03-11 10:08:09,417 INFO    SenderThread:42048 [sender.py:send_request_defer():583] handle sender defer: 10
2023-03-11 10:08:09,417 INFO    SenderThread:42048 [file_pusher.py:finish():162] shutting down file pusher
2023-03-11 10:08:10,368 INFO    wandb-upload_2:42048 [upload_job.py:push():138] Uploaded file C:\Users\Shivam Maurya\OneDrive\Desktop\IIT MADRAS\Deep Learning\assignment 1\CS6910-Deep_Learning_Assignment-1\wandb\run-20230310_220534-x7k3go1j\files\output.log
2023-03-11 10:08:10,464 INFO    wandb-upload_3:42048 [upload_job.py:push():138] Uploaded file C:\Users\Shivam Maurya\OneDrive\Desktop\IIT MADRAS\Deep Learning\assignment 1\CS6910-Deep_Learning_Assignment-1\wandb\run-20230310_220534-x7k3go1j\files\requirements.txt
2023-03-11 10:08:10,475 INFO    wandb-upload_4:42048 [upload_job.py:push():138] Uploaded file C:\Users\Shivam Maurya\OneDrive\Desktop\IIT MADRAS\Deep Learning\assignment 1\CS6910-Deep_Learning_Assignment-1\wandb\run-20230310_220534-x7k3go1j\files\wandb-summary.json
2023-03-11 10:08:10,482 INFO    wandb-upload_1:42048 [upload_job.py:push():138] Uploaded file C:\Users\Shivam Maurya\OneDrive\Desktop\IIT MADRAS\Deep Learning\assignment 1\CS6910-Deep_Learning_Assignment-1\wandb\run-20230310_220534-x7k3go1j\files\config.yaml
2023-03-11 10:08:10,788 INFO    wandb-upload_0:42048 [upload_job.py:push():138] Uploaded file C:\Users\Shivam Maurya\OneDrive\Desktop\IIT MADRAS\Deep Learning\assignment 1\CS6910-Deep_Learning_Assignment-1\wandb\run-20230310_220534-x7k3go1j\files\conda-environment.yaml
2023-03-11 10:08:10,993 INFO    Thread-16 :42048 [sender.py:transition_state():587] send defer: 11
2023-03-11 10:08:10,993 DEBUG   HandlerThread:42048 [handler.py:handle_request():144] handle_request: defer
2023-03-11 10:08:10,993 INFO    HandlerThread:42048 [handler.py:handle_request_defer():170] handle defer: 11
2023-03-11 10:08:10,993 DEBUG   SenderThread:42048 [sender.py:send_request():363] send_request: defer
2023-03-11 10:08:10,993 INFO    SenderThread:42048 [sender.py:send_request_defer():583] handle sender defer: 11
2023-03-11 10:08:10,993 INFO    SenderThread:42048 [file_pusher.py:join():167] waiting for file pusher
2023-03-11 10:08:10,993 INFO    SenderThread:42048 [sender.py:transition_state():587] send defer: 12
2023-03-11 10:08:10,993 DEBUG   HandlerThread:42048 [handler.py:handle_request():144] handle_request: defer
2023-03-11 10:08:10,993 INFO    HandlerThread:42048 [handler.py:handle_request_defer():170] handle defer: 12
2023-03-11 10:08:10,993 DEBUG   SenderThread:42048 [sender.py:send_request():363] send_request: defer
2023-03-11 10:08:10,993 INFO    SenderThread:42048 [sender.py:send_request_defer():583] handle sender defer: 12
2023-03-11 10:08:12,689 INFO    SenderThread:42048 [sender.py:transition_state():587] send defer: 13
2023-03-11 10:08:12,689 DEBUG   HandlerThread:42048 [handler.py:handle_request():144] handle_request: defer
2023-03-11 10:08:12,689 INFO    HandlerThread:42048 [handler.py:handle_request_defer():170] handle defer: 13
2023-03-11 10:08:12,689 DEBUG   SenderThread:42048 [sender.py:send_request():363] send_request: defer
2023-03-11 10:08:12,689 INFO    SenderThread:42048 [sender.py:send_request_defer():583] handle sender defer: 13
2023-03-11 10:08:12,689 INFO    SenderThread:42048 [sender.py:transition_state():587] send defer: 14
2023-03-11 10:08:12,689 DEBUG   HandlerThread:42048 [handler.py:handle_request():144] handle_request: defer
2023-03-11 10:08:12,689 INFO    HandlerThread:42048 [handler.py:handle_request_defer():170] handle defer: 14
2023-03-11 10:08:12,689 DEBUG   SenderThread:42048 [sender.py:send():336] send: final
2023-03-11 10:08:12,689 DEBUG   SenderThread:42048 [sender.py:send():336] send: footer
2023-03-11 10:08:12,689 DEBUG   SenderThread:42048 [sender.py:send_request():363] send_request: defer
2023-03-11 10:08:12,689 INFO    SenderThread:42048 [sender.py:send_request_defer():583] handle sender defer: 14
2023-03-11 10:08:12,689 DEBUG   HandlerThread:42048 [handler.py:handle_request():144] handle_request: poll_exit
2023-03-11 10:08:12,689 DEBUG   HandlerThread:42048 [handler.py:handle_request():144] handle_request: server_info
2023-03-11 10:08:12,689 DEBUG   HandlerThread:42048 [handler.py:handle_request():144] handle_request: get_summary
2023-03-11 10:08:12,689 DEBUG   HandlerThread:42048 [handler.py:handle_request():144] handle_request: sampled_history
2023-03-11 10:08:12,704 DEBUG   SenderThread:42048 [sender.py:send_request():363] send_request: poll_exit
2023-03-11 10:08:12,704 DEBUG   SenderThread:42048 [sender.py:send_request():363] send_request: server_info
2023-03-11 10:08:13,284 DEBUG   HandlerThread:42048 [handler.py:handle_request():144] handle_request: shutdown
2023-03-11 10:08:13,284 INFO    HandlerThread:42048 [handler.py:finish():841] shutting down handler
2023-03-11 10:08:13,707 INFO    WriterThread:42048 [datastore.py:close():299] close: C:\Users\Shivam Maurya\OneDrive\Desktop\IIT MADRAS\Deep Learning\assignment 1\CS6910-Deep_Learning_Assignment-1\wandb\run-20230310_220534-x7k3go1j\run-x7k3go1j.wandb
2023-03-11 10:08:14,286 INFO    SenderThread:42048 [sender.py:finish():1493] shutting down sender
2023-03-11 10:08:14,286 INFO    SenderThread:42048 [file_pusher.py:finish():162] shutting down file pusher
2023-03-11 10:08:14,286 INFO    SenderThread:42048 [file_pusher.py:join():167] waiting for file pusher
